Arguments: 
  C:\Program Files\nodejs\node.exe C:\Program Files (x86)\Yarn\bin\yarn.js add jsonwebtoken

PATH: 
  C:\Users\rhouc\AppData\Local\cloud-code\installer\google-cloud-sdk\bin;C:\Program Files\ImageMagick-7.1.0-Q16-HDRI;C:\Python311\Scripts\;C:\Python311\;C:\Program Files (x86)\Common Files\Oracle\Java\javapath;C:\WINDOWS\system32;C:\WINDOWS;C:\WINDOWS\System32\Wbem;C:\WINDOWS\System32\WindowsPowerShell\v1.0\;C:\WINDOWS\System32\OpenSSH\;C:\Program Files\Git\cmd;C:\Users\rhouc\AppData\Local\Programs\Python\Python310;C:\Program Files (x86)\Yarn\bin\;C:\MinGW\bin;C:\Program Files\nodejs\;C:\ProgramData\chocolatey\bin;%MAVEN_HOME%\bin;C:\Program Files\MySQL\MySQL Shell 8.0\bin\;C:\Users\rhouc\AppData\Local\Programs\Python\Python310\Scripts\;C:\Users\rhouc\AppData\Local\Programs\Python\Python310\;C:\Users\rhouc\AppData\Local\Programs\Hyper\resources\bin;C:\Users\rhouc\AppData\Local\Programs\Microsoft VS Code\bin;C:\Users\rhouc\AppData\Local\Yarn\bin;C:\Users\rhouc\AppData\Roaming\npm;C:\Program Files\MongoDB\Server\6.0\bin;;C:\Program Files\JetBrains\IntelliJ IDEA 2022.3.1\bin;

Yarn version: 
  1.22.4

Node version: 
  18.12.1

Platform: 
  win32 x64

Trace: 
  Error: read ECONNRESET
      at TLSWrap.onStreamRead (node:internal/stream_base_commons:217:20)

npm manifest: 
  {
    "name": "chat-app",
    "version": "1.0.0",
    "description": "",
    "main": "index.js",
    "scripts": {
      "test": "echo \"Error: no test specified\" && exit 1"
    },
    "author": "",
    "license": "ISC",
    "dependencies": {
      "bcrypt": "^5.1.0",
      "body-parser": "^1.19.0",
      "dotenv": "^8.2.0",
      "express": "^4.17.1",
      "mongoose": "^6.9.0"
    },
    "devDependencies": {
      "nodemon": "^2.0.2"
    }
  }

yarn manifest: 
  No manifest

Lockfile: 
  # THIS IS AN AUTOGENERATED FILE. DO NOT EDIT THIS FILE DIRECTLY.
  # yarn lockfile v1
  
  
  "@aws-crypto/ie11-detection@^3.0.0":
    version "3.0.0"
    resolved "https://registry.npmjs.org/@aws-crypto/ie11-detection/-/ie11-detection-3.0.0.tgz"
    integrity sha512-341lBBkiY1DfDNKai/wXM3aujNBkXR7tq1URPQDL9wi3AUbI80NR74uF1TXHMm7po1AcnFk8iu2S2IeU/+/A+Q==
    dependencies:
      tslib "^1.11.1"
  
  "@aws-crypto/sha256-browser@3.0.0":
    version "3.0.0"
    resolved "https://registry.npmjs.org/@aws-crypto/sha256-browser/-/sha256-browser-3.0.0.tgz"
    integrity sha512-8VLmW2B+gjFbU5uMeqtQM6Nj0/F1bro80xQXCW6CQBWgosFWXTx77aeOF5CAIAmbOK64SdMBJdNr6J41yP5mvQ==
    dependencies:
      "@aws-crypto/ie11-detection" "^3.0.0"
      "@aws-crypto/sha256-js" "^3.0.0"
      "@aws-crypto/supports-web-crypto" "^3.0.0"
      "@aws-crypto/util" "^3.0.0"
      "@aws-sdk/types" "^3.222.0"
      "@aws-sdk/util-locate-window" "^3.0.0"
      "@aws-sdk/util-utf8-browser" "^3.0.0"
      tslib "^1.11.1"
  
  "@aws-crypto/sha256-js@3.0.0", "@aws-crypto/sha256-js@^3.0.0":
    version "3.0.0"
    resolved "https://registry.npmjs.org/@aws-crypto/sha256-js/-/sha256-js-3.0.0.tgz"
    integrity sha512-PnNN7os0+yd1XvXAy23CFOmTbMaDxgxXtTKHybrJ39Y8kGzBATgBFibWJKH6BhytLI/Zyszs87xCOBNyBig6vQ==
    dependencies:
      "@aws-crypto/util" "^3.0.0"
      "@aws-sdk/types" "^3.222.0"
      tslib "^1.11.1"
  
  "@aws-crypto/supports-web-crypto@^3.0.0":
    version "3.0.0"
    resolved "https://registry.npmjs.org/@aws-crypto/supports-web-crypto/-/supports-web-crypto-3.0.0.tgz"
    integrity sha512-06hBdMwUAb2WFTuGG73LSC0wfPu93xWwo5vL2et9eymgmu3Id5vFAHBbajVWiGhPO37qcsdCap/FqXvJGJWPIg==
    dependencies:
      tslib "^1.11.1"
  
  "@aws-crypto/util@^3.0.0":
    version "3.0.0"
    resolved "https://registry.npmjs.org/@aws-crypto/util/-/util-3.0.0.tgz"
    integrity sha512-2OJlpeJpCR48CC8r+uKVChzs9Iungj9wkZrl8Z041DWEWvyIHILYKCPNzJghKsivj+S3mLo6BVc7mBNzdxA46w==
    dependencies:
      "@aws-sdk/types" "^3.222.0"
      "@aws-sdk/util-utf8-browser" "^3.0.0"
      tslib "^1.11.1"
  
  "@aws-sdk/abort-controller@3.257.0":
    version "3.257.0"
    resolved "https://registry.npmjs.org/@aws-sdk/abort-controller/-/abort-controller-3.257.0.tgz"
    integrity sha512-ekWy391lOerS0ZECdhp/c+X7AToJIpfNrCPjuj3bKr+GMQYckGsYsdbm6AUD4sxBmfvuaQmVniSXWovaxwcFcQ==
    dependencies:
      "@aws-sdk/types" "3.257.0"
      tslib "^2.3.1"
  
  "@aws-sdk/client-cognito-identity@3.262.0":
    version "3.262.0"
    resolved "https://registry.npmjs.org/@aws-sdk/client-cognito-identity/-/client-cognito-identity-3.262.0.tgz"
    integrity sha512-Kmms7MZUR8Sl5PzgaWz/8rG+VkhKGQJEiY74VHLqJ/BLg4KyIYpHfqiif+J6/9HWN4SGFic1Aij37D5EFA9kgw==
    dependencies:
      "@aws-crypto/sha256-browser" "3.0.0"
      "@aws-crypto/sha256-js" "3.0.0"
      "@aws-sdk/client-sts" "3.262.0"
      "@aws-sdk/config-resolver" "3.259.0"
      "@aws-sdk/credential-provider-node" "3.261.0"
      "@aws-sdk/fetch-http-handler" "3.257.0"
      "@aws-sdk/hash-node" "3.257.0"
      "@aws-sdk/invalid-dependency" "3.257.0"
      "@aws-sdk/middleware-content-length" "3.257.0"
      "@aws-sdk/middleware-endpoint" "3.257.0"
      "@aws-sdk/middleware-host-header" "3.257.0"
      "@aws-sdk/middleware-logger" "3.257.0"
      "@aws-sdk/middleware-recursion-detection" "3.257.0"
      "@aws-sdk/middleware-retry" "3.259.0"
      "@aws-sdk/middleware-serde" "3.257.0"
      "@aws-sdk/middleware-signing" "3.257.0"
      "@aws-sdk/middleware-stack" "3.257.0"
      "@aws-sdk/middleware-user-agent" "3.257.0"
      "@aws-sdk/node-config-provider" "3.259.0"
      "@aws-sdk/node-http-handler" "3.257.0"
      "@aws-sdk/protocol-http" "3.257.0"
      "@aws-sdk/smithy-client" "3.261.0"
      "@aws-sdk/types" "3.257.0"
      "@aws-sdk/url-parser" "3.257.0"
      "@aws-sdk/util-base64" "3.208.0"
      "@aws-sdk/util-body-length-browser" "3.188.0"
      "@aws-sdk/util-body-length-node" "3.208.0"
      "@aws-sdk/util-defaults-mode-browser" "3.261.0"
      "@aws-sdk/util-defaults-mode-node" "3.261.0"
      "@aws-sdk/util-endpoints" "3.257.0"
      "@aws-sdk/util-retry" "3.257.0"
      "@aws-sdk/util-user-agent-browser" "3.257.0"
      "@aws-sdk/util-user-agent-node" "3.259.0"
      "@aws-sdk/util-utf8" "3.254.0"
      tslib "^2.3.1"
  
  "@aws-sdk/client-sso-oidc@3.261.0":
    version "3.261.0"
    resolved "https://registry.npmjs.org/@aws-sdk/client-sso-oidc/-/client-sso-oidc-3.261.0.tgz"
    integrity sha512-ItgRT/BThv2UxEeGJ5/GCF6JY1Rzk39IcDIPZAfBA8HbYcznXGDsBTRf45MErS+uollwNFX0T/WNlTbmjEDE7g==
    dependencies:
      "@aws-crypto/sha256-browser" "3.0.0"
      "@aws-crypto/sha256-js" "3.0.0"
      "@aws-sdk/config-resolver" "3.259.0"
      "@aws-sdk/fetch-http-handler" "3.257.0"
      "@aws-sdk/hash-node" "3.257.0"
      "@aws-sdk/invalid-dependency" "3.257.0"
      "@aws-sdk/middleware-content-length" "3.257.0"
      "@aws-sdk/middleware-endpoint" "3.257.0"
      "@aws-sdk/middleware-host-header" "3.257.0"
      "@aws-sdk/middleware-logger" "3.257.0"
      "@aws-sdk/middleware-recursion-detection" "3.257.0"
      "@aws-sdk/middleware-retry" "3.259.0"
      "@aws-sdk/middleware-serde" "3.257.0"
      "@aws-sdk/middleware-stack" "3.257.0"
      "@aws-sdk/middleware-user-agent" "3.257.0"
      "@aws-sdk/node-config-provider" "3.259.0"
      "@aws-sdk/node-http-handler" "3.257.0"
      "@aws-sdk/protocol-http" "3.257.0"
      "@aws-sdk/smithy-client" "3.261.0"
      "@aws-sdk/types" "3.257.0"
      "@aws-sdk/url-parser" "3.257.0"
      "@aws-sdk/util-base64" "3.208.0"
      "@aws-sdk/util-body-length-browser" "3.188.0"
      "@aws-sdk/util-body-length-node" "3.208.0"
      "@aws-sdk/util-defaults-mode-browser" "3.261.0"
      "@aws-sdk/util-defaults-mode-node" "3.261.0"
      "@aws-sdk/util-endpoints" "3.257.0"
      "@aws-sdk/util-retry" "3.257.0"
      "@aws-sdk/util-user-agent-browser" "3.257.0"
      "@aws-sdk/util-user-agent-node" "3.259.0"
      "@aws-sdk/util-utf8" "3.254.0"
      tslib "^2.3.1"
  
  "@aws-sdk/client-sso@3.261.0":
    version "3.261.0"
    resolved "https://registry.npmjs.org/@aws-sdk/client-sso/-/client-sso-3.261.0.tgz"
    integrity sha512-tq5hu1WXa9BKsCH9zOBOykyiaoZQvaFHKdOamw5SZ69niyO3AG4xR1TkLqXj/9mDYMLgAIVObKZDGWtBLFTdiQ==
    dependencies:
      "@aws-crypto/sha256-browser" "3.0.0"
      "@aws-crypto/sha256-js" "3.0.0"
      "@aws-sdk/config-resolver" "3.259.0"
      "@aws-sdk/fetch-http-handler" "3.257.0"
      "@aws-sdk/hash-node" "3.257.0"
      "@aws-sdk/invalid-dependency" "3.257.0"
      "@aws-sdk/middleware-content-length" "3.257.0"
      "@aws-sdk/middleware-endpoint" "3.257.0"
      "@aws-sdk/middleware-host-header" "3.257.0"
      "@aws-sdk/middleware-logger" "3.257.0"
      "@aws-sdk/middleware-recursion-detection" "3.257.0"
      "@aws-sdk/middleware-retry" "3.259.0"
      "@aws-sdk/middleware-serde" "3.257.0"
      "@aws-sdk/middleware-stack" "3.257.0"
      "@aws-sdk/middleware-user-agent" "3.257.0"
      "@aws-sdk/node-config-provider" "3.259.0"
      "@aws-sdk/node-http-handler" "3.257.0"
      "@aws-sdk/protocol-http" "3.257.0"
      "@aws-sdk/smithy-client" "3.261.0"
      "@aws-sdk/types" "3.257.0"
      "@aws-sdk/url-parser" "3.257.0"
      "@aws-sdk/util-base64" "3.208.0"
      "@aws-sdk/util-body-length-browser" "3.188.0"
      "@aws-sdk/util-body-length-node" "3.208.0"
      "@aws-sdk/util-defaults-mode-browser" "3.261.0"
      "@aws-sdk/util-defaults-mode-node" "3.261.0"
      "@aws-sdk/util-endpoints" "3.257.0"
      "@aws-sdk/util-retry" "3.257.0"
      "@aws-sdk/util-user-agent-browser" "3.257.0"
      "@aws-sdk/util-user-agent-node" "3.259.0"
      "@aws-sdk/util-utf8" "3.254.0"
      tslib "^2.3.1"
  
  "@aws-sdk/client-sts@3.262.0":
    version "3.262.0"
    resolved "https://registry.npmjs.org/@aws-sdk/client-sts/-/client-sts-3.262.0.tgz"
    integrity sha512-4Exb/tj3h6/4JsMza0ZpKVIE6N/bY2bS2T96LMB63v5T+yLmpQWUQu/fSZ56x+nuqmN1fz6PZLe0BIp96v4vDg==
    dependencies:
      "@aws-crypto/sha256-browser" "3.0.0"
      "@aws-crypto/sha256-js" "3.0.0"
      "@aws-sdk/config-resolver" "3.259.0"
      "@aws-sdk/credential-provider-node" "3.261.0"
      "@aws-sdk/fetch-http-handler" "3.257.0"
      "@aws-sdk/hash-node" "3.257.0"
      "@aws-sdk/invalid-dependency" "3.257.0"
      "@aws-sdk/middleware-content-length" "3.257.0"
      "@aws-sdk/middleware-endpoint" "3.257.0"
      "@aws-sdk/middleware-host-header" "3.257.0"
      "@aws-sdk/middleware-logger" "3.257.0"
      "@aws-sdk/middleware-recursion-detection" "3.257.0"
      "@aws-sdk/middleware-retry" "3.259.0"
      "@aws-sdk/middleware-sdk-sts" "3.257.0"
      "@aws-sdk/middleware-serde" "3.257.0"
      "@aws-sdk/middleware-signing" "3.257.0"
      "@aws-sdk/middleware-stack" "3.257.0"
      "@aws-sdk/middleware-user-agent" "3.257.0"
      "@aws-sdk/node-config-provider" "3.259.0"
      "@aws-sdk/node-http-handler" "3.257.0"
      "@aws-sdk/protocol-http" "3.257.0"
      "@aws-sdk/smithy-client" "3.261.0"
      "@aws-sdk/types" "3.257.0"
      "@aws-sdk/url-parser" "3.257.0"
      "@aws-sdk/util-base64" "3.208.0"
      "@aws-sdk/util-body-length-browser" "3.188.0"
      "@aws-sdk/util-body-length-node" "3.208.0"
      "@aws-sdk/util-defaults-mode-browser" "3.261.0"
      "@aws-sdk/util-defaults-mode-node" "3.261.0"
      "@aws-sdk/util-endpoints" "3.257.0"
      "@aws-sdk/util-retry" "3.257.0"
      "@aws-sdk/util-user-agent-browser" "3.257.0"
      "@aws-sdk/util-user-agent-node" "3.259.0"
      "@aws-sdk/util-utf8" "3.254.0"
      fast-xml-parser "4.0.11"
      tslib "^2.3.1"
  
  "@aws-sdk/config-resolver@3.259.0":
    version "3.259.0"
    resolved "https://registry.npmjs.org/@aws-sdk/config-resolver/-/config-resolver-3.259.0.tgz"
    integrity sha512-gViMRsc4Ye6+nzJ0OYTZIT8m4glIAdtugN2Sr/t6P2iJW5X0bSL/EcbcHBgsve1lHjeGPeyzVkT7UnyGOZ5Z/A==
    dependencies:
      "@aws-sdk/signature-v4" "3.257.0"
      "@aws-sdk/types" "3.257.0"
      "@aws-sdk/util-config-provider" "3.208.0"
      "@aws-sdk/util-middleware" "3.257.0"
      tslib "^2.3.1"
  
  "@aws-sdk/credential-provider-cognito-identity@3.262.0":
    version "3.262.0"
    resolved "https://registry.npmjs.org/@aws-sdk/credential-provider-cognito-identity/-/credential-provider-cognito-identity-3.262.0.tgz"
    integrity sha512-oOVslglkpOoA8XUoc8yGGky+hUdDezx3CfzdrUg0TeyTqj3dVEEo+ghLk/ngne+T2t73revVJ2AAaOgVNomRcA==
    dependencies:
      "@aws-sdk/client-cognito-identity" "3.262.0"
      "@aws-sdk/property-provider" "3.257.0"
      "@aws-sdk/types" "3.257.0"
      tslib "^2.3.1"
  
  "@aws-sdk/credential-provider-env@3.257.0":
    version "3.257.0"
    resolved "https://registry.npmjs.org/@aws-sdk/credential-provider-env/-/credential-provider-env-3.257.0.tgz"
    integrity sha512-GsmBi5Di6hk1JAi1iB6/LCY8o+GmlCvJoB7wuoVmXI3VxRVwptUVjuj8EtJbIrVGrF9dSuIRPCzUoSuzEzYGlg==
    dependencies:
      "@aws-sdk/property-provider" "3.257.0"
      "@aws-sdk/types" "3.257.0"
      tslib "^2.3.1"
  
  "@aws-sdk/credential-provider-imds@3.259.0":
    version "3.259.0"
    resolved "https://registry.npmjs.org/@aws-sdk/credential-provider-imds/-/credential-provider-imds-3.259.0.tgz"
    integrity sha512-yCxoYWZAaDrCUEWxRfrpB0Mp1cFgJEMYW8T6GIb/+DQ5QLpZmorgaVD/j90QXupqFrR5tlxwuskBIkdD2E9YNg==
    dependencies:
      "@aws-sdk/node-config-provider" "3.259.0"
      "@aws-sdk/property-provider" "3.257.0"
      "@aws-sdk/types" "3.257.0"
      "@aws-sdk/url-parser" "3.257.0"
      tslib "^2.3.1"
  
  "@aws-sdk/credential-provider-ini@3.261.0":
    version "3.261.0"
    resolved "https://registry.npmjs.org/@aws-sdk/credential-provider-ini/-/credential-provider-ini-3.261.0.tgz"
    integrity sha512-638jTnvFbGO0G0So+FijdC1vjn/dhw3l8nJwLq9PYOBJUKhjXDR/fpOhZkUJ+Zwfuqp9SlDDo/yfFa6j2L+F1g==
    dependencies:
      "@aws-sdk/credential-provider-env" "3.257.0"
      "@aws-sdk/credential-provider-imds" "3.259.0"
      "@aws-sdk/credential-provider-process" "3.257.0"
      "@aws-sdk/credential-provider-sso" "3.261.0"
      "@aws-sdk/credential-provider-web-identity" "3.257.0"
      "@aws-sdk/property-provider" "3.257.0"
      "@aws-sdk/shared-ini-file-loader" "3.257.0"
      "@aws-sdk/types" "3.257.0"
      tslib "^2.3.1"
  
  "@aws-sdk/credential-provider-node@3.261.0":
    version "3.261.0"
    resolved "https://registry.npmjs.org/@aws-sdk/credential-provider-node/-/credential-provider-node-3.261.0.tgz"
    integrity sha512-7T25a7jbHsXPe7XvIekzhR50b7PTlISKqHdE8LNVUSzFQbSjVXulFk3vyQVIhmt5HKNkSBcMPDr6hKrSl7OLBw==
    dependencies:
      "@aws-sdk/credential-provider-env" "3.257.0"
      "@aws-sdk/credential-provider-imds" "3.259.0"
      "@aws-sdk/credential-provider-ini" "3.261.0"
      "@aws-sdk/credential-provider-process" "3.257.0"
      "@aws-sdk/credential-provider-sso" "3.261.0"
      "@aws-sdk/credential-provider-web-identity" "3.257.0"
      "@aws-sdk/property-provider" "3.257.0"
      "@aws-sdk/shared-ini-file-loader" "3.257.0"
      "@aws-sdk/types" "3.257.0"
      tslib "^2.3.1"
  
  "@aws-sdk/credential-provider-process@3.257.0":
    version "3.257.0"
    resolved "https://registry.npmjs.org/@aws-sdk/credential-provider-process/-/credential-provider-process-3.257.0.tgz"
    integrity sha512-xK8uYeNXaclaBCGrLi4z2pxPRngqLf5BM5jg2fn57zqvlL9V5gJF972FehrVBL0bfp1/laG0ZJtD2K2sapyWAw==
    dependencies:
      "@aws-sdk/property-provider" "3.257.0"
      "@aws-sdk/shared-ini-file-loader" "3.257.0"
      "@aws-sdk/types" "3.257.0"
      tslib "^2.3.1"
  
  "@aws-sdk/credential-provider-sso@3.261.0":
    version "3.261.0"
    resolved "https://registry.npmjs.org/@aws-sdk/credential-provider-sso/-/credential-provider-sso-3.261.0.tgz"
    integrity sha512-Ofj7m85/RuxcZMtghhD+U2GGszrU5tB2kxXcnkcHCudOER6bcOOEXnSfmdZnIv4xG+vma3VFwiWk2JkQo5zB5w==
    dependencies:
      "@aws-sdk/client-sso" "3.261.0"
      "@aws-sdk/property-provider" "3.257.0"
      "@aws-sdk/shared-ini-file-loader" "3.257.0"
      "@aws-sdk/token-providers" "3.261.0"
      "@aws-sdk/types" "3.257.0"
      tslib "^2.3.1"
  
  "@aws-sdk/credential-provider-web-identity@3.257.0":
    version "3.257.0"
    resolved "https://registry.npmjs.org/@aws-sdk/credential-provider-web-identity/-/credential-provider-web-identity-3.257.0.tgz"
    integrity sha512-Cm0uvRv4JuIbD0Kp3W0J/vwjADIyCx8HoZi5yg+QIi5nilocuTQ3ajvLeuPVSvFvdy+yaxSc5FxNXquWt7Mngw==
    dependencies:
      "@aws-sdk/property-provider" "3.257.0"
      "@aws-sdk/types" "3.257.0"
      tslib "^2.3.1"
  
  "@aws-sdk/credential-providers@^3.186.0":
    version "3.262.0"
    resolved "https://registry.npmjs.org/@aws-sdk/credential-providers/-/credential-providers-3.262.0.tgz"
    integrity sha512-sJcLaBcuXkeIqQuCEQK2OFgfsN0AcOpGa/7nRGUzh9/9bif0rl/xBi96Wqyeb7Tf71qZ9gcpBnDUaaK+O9q6mg==
    dependencies:
      "@aws-sdk/client-cognito-identity" "3.262.0"
      "@aws-sdk/client-sso" "3.261.0"
      "@aws-sdk/client-sts" "3.262.0"
      "@aws-sdk/credential-provider-cognito-identity" "3.262.0"
      "@aws-sdk/credential-provider-env" "3.257.0"
      "@aws-sdk/credential-provider-imds" "3.259.0"
      "@aws-sdk/credential-provider-ini" "3.261.0"
      "@aws-sdk/credential-provider-node" "3.261.0"
      "@aws-sdk/credential-provider-process" "3.257.0"
      "@aws-sdk/credential-provider-sso" "3.261.0"
      "@aws-sdk/credential-provider-web-identity" "3.257.0"
      "@aws-sdk/property-provider" "3.257.0"
      "@aws-sdk/shared-ini-file-loader" "3.257.0"
      "@aws-sdk/types" "3.257.0"
      tslib "^2.3.1"
  
  "@aws-sdk/fetch-http-handler@3.257.0":
    version "3.257.0"
    resolved "https://registry.npmjs.org/@aws-sdk/fetch-http-handler/-/fetch-http-handler-3.257.0.tgz"
    integrity sha512-zOF+RzQ+wfF7tq7tGUdPcqUTh3+k2f8KCVJE07A8kCopVq4nBu4NH6Eq29Tjpwdya3YlKvE+kFssuQRRRRex+Q==
    dependencies:
      "@aws-sdk/protocol-http" "3.257.0"
      "@aws-sdk/querystring-builder" "3.257.0"
      "@aws-sdk/types" "3.257.0"
      "@aws-sdk/util-base64" "3.208.0"
      tslib "^2.3.1"
  
  "@aws-sdk/hash-node@3.257.0":
    version "3.257.0"
    resolved "https://registry.npmjs.org/@aws-sdk/hash-node/-/hash-node-3.257.0.tgz"
    integrity sha512-W/USUuea5Ep3OJ2U7Ve8/5KN1YsDun2WzOFUxc1PyxXP5pW6OgC15/op0e+bmWPG851clvp5S8ZuroUr3aKi3Q==
    dependencies:
      "@aws-sdk/types" "3.257.0"
      "@aws-sdk/util-buffer-from" "3.208.0"
      "@aws-sdk/util-utf8" "3.254.0"
      tslib "^2.3.1"
  
  "@aws-sdk/invalid-dependency@3.257.0":
    version "3.257.0"
    resolved "https://registry.npmjs.org/@aws-sdk/invalid-dependency/-/invalid-dependency-3.257.0.tgz"
    integrity sha512-T68SAPRNMEhpke0wlxURgogL7q0B8dfqZsSeS20BVR/lksJxLse9+pbmCDxiu1RrXoEIsEwl5rbLN+Hw8BFFYw==
    dependencies:
      "@aws-sdk/types" "3.257.0"
      tslib "^2.3.1"
  
  "@aws-sdk/is-array-buffer@3.201.0":
    version "3.201.0"
    resolved "https://registry.npmjs.org/@aws-sdk/is-array-buffer/-/is-array-buffer-3.201.0.tgz"
    integrity sha512-UPez5qLh3dNgt0DYnPD/q0mVJY84rA17QE26hVNOW3fAji8W2wrwrxdacWOxyXvlxWsVRcKmr+lay1MDqpAMfg==
    dependencies:
      tslib "^2.3.1"
  
  "@aws-sdk/middleware-content-length@3.257.0":
    version "3.257.0"
    resolved "https://registry.npmjs.org/@aws-sdk/middleware-content-length/-/middleware-content-length-3.257.0.tgz"
    integrity sha512-yiawbV2azm6QnMY1L2ypG8PDRdjOcEIvFmT0T7y0F49rfbKJOu21j1ONAoCkLrINK6kMqcD5JSQLVCoURxiTxQ==
    dependencies:
      "@aws-sdk/protocol-http" "3.257.0"
      "@aws-sdk/types" "3.257.0"
      tslib "^2.3.1"
  
  "@aws-sdk/middleware-endpoint@3.257.0":
    version "3.257.0"
    resolved "https://registry.npmjs.org/@aws-sdk/middleware-endpoint/-/middleware-endpoint-3.257.0.tgz"
    integrity sha512-RQNQe/jeVuWZtXXfcOm+e3qMFICY6ERsXUrbt0rjHgvajZCklcrRJgxJSCwrcS7Le3nl9azFPMAMj9L7uSK28g==
    dependencies:
      "@aws-sdk/middleware-serde" "3.257.0"
      "@aws-sdk/protocol-http" "3.257.0"
      "@aws-sdk/signature-v4" "3.257.0"
      "@aws-sdk/types" "3.257.0"
      "@aws-sdk/url-parser" "3.257.0"
      "@aws-sdk/util-config-provider" "3.208.0"
      "@aws-sdk/util-middleware" "3.257.0"
      tslib "^2.3.1"
  
  "@aws-sdk/middleware-host-header@3.257.0":
    version "3.257.0"
    resolved "https://registry.npmjs.org/@aws-sdk/middleware-host-header/-/middleware-host-header-3.257.0.tgz"
    integrity sha512-gEi9AJdJfRfU8Qr6HK1hfhxTzyV3Giq4B/h7um99hIFAT/GCg9xiPvAOKPo6UeuiKEv3b7RpSL4s6cBvnJMJBA==
    dependencies:
      "@aws-sdk/protocol-http" "3.257.0"
      "@aws-sdk/types" "3.257.0"
      tslib "^2.3.1"
  
  "@aws-sdk/middleware-logger@3.257.0":
    version "3.257.0"
    resolved "https://registry.npmjs.org/@aws-sdk/middleware-logger/-/middleware-logger-3.257.0.tgz"
    integrity sha512-8RDXW/VbMKBsXDfcCLmROZcWKyrekyiPa3J1aIaBy0tq9o4xpGoXw/lwwIrNVvISAFslb57rteup34bfn6ta6w==
    dependencies:
      "@aws-sdk/types" "3.257.0"
      tslib "^2.3.1"
  
  "@aws-sdk/middleware-recursion-detection@3.257.0":
    version "3.257.0"
    resolved "https://registry.npmjs.org/@aws-sdk/middleware-recursion-detection/-/middleware-recursion-detection-3.257.0.tgz"
    integrity sha512-rUCih6zHh8k9Edf5N5Er4s508FYbwLM0MWTD2axzlj9TjLqEQ9OKED3wHaLffXSDzodd3oTAfJCLPbWQyoZ3ZQ==
    dependencies:
      "@aws-sdk/protocol-http" "3.257.0"
      "@aws-sdk/types" "3.257.0"
      tslib "^2.3.1"
  
  "@aws-sdk/middleware-retry@3.259.0":
    version "3.259.0"
    resolved "https://registry.npmjs.org/@aws-sdk/middleware-retry/-/middleware-retry-3.259.0.tgz"
    integrity sha512-pVh1g8e84MAi7eVtWLiiiCtn82LzxOP7+LxTRHatmgIeN22yGQBZILliPDJypUPvDYlwxI1ekiK+oPTcte0Uww==
    dependencies:
      "@aws-sdk/protocol-http" "3.257.0"
      "@aws-sdk/service-error-classification" "3.257.0"
      "@aws-sdk/types" "3.257.0"
      "@aws-sdk/util-middleware" "3.257.0"
      "@aws-sdk/util-retry" "3.257.0"
      tslib "^2.3.1"
      uuid "^8.3.2"
  
  "@aws-sdk/middleware-sdk-sts@3.257.0":
    version "3.257.0"
    resolved "https://registry.npmjs.org/@aws-sdk/middleware-sdk-sts/-/middleware-sdk-sts-3.257.0.tgz"
    integrity sha512-d6IJCLRi3O2tm4AFK60WNhIwmMmspj1WzKR1q1TaoPzoREPG2xg+Am18wZBRkCyYuRPPrbizmkvAmAJiUolMAw==
    dependencies:
      "@aws-sdk/middleware-signing" "3.257.0"
      "@aws-sdk/property-provider" "3.257.0"
      "@aws-sdk/protocol-http" "3.257.0"
      "@aws-sdk/signature-v4" "3.257.0"
      "@aws-sdk/types" "3.257.0"
      tslib "^2.3.1"
  
  "@aws-sdk/middleware-serde@3.257.0":
    version "3.257.0"
    resolved "https://registry.npmjs.org/@aws-sdk/middleware-serde/-/middleware-serde-3.257.0.tgz"
    integrity sha512-/JasfXPWFq24mnCrx9fxW/ISBSp07RJwhsF14qzm8Qy3Z0z470C+QRM6otTwAkYuuVt1wuLjja5agq3Jtzq7dQ==
    dependencies:
      "@aws-sdk/types" "3.257.0"
      tslib "^2.3.1"
  
  "@aws-sdk/middleware-signing@3.257.0":
    version "3.257.0"
    resolved "https://registry.npmjs.org/@aws-sdk/middleware-signing/-/middleware-signing-3.257.0.tgz"
    integrity sha512-hCH3D83LHmm6nqmtNrGTWZCVjsQXrGHIXbd17/qrw7aPFvcAhsiiCncGFP+XsUXEKa2ZqcSNMUyPrx69ofNRZQ==
    dependencies:
      "@aws-sdk/property-provider" "3.257.0"
      "@aws-sdk/protocol-http" "3.257.0"
      "@aws-sdk/signature-v4" "3.257.0"
      "@aws-sdk/types" "3.257.0"
      "@aws-sdk/util-middleware" "3.257.0"
      tslib "^2.3.1"
  
  "@aws-sdk/middleware-stack@3.257.0":
    version "3.257.0"
    resolved "https://registry.npmjs.org/@aws-sdk/middleware-stack/-/middleware-stack-3.257.0.tgz"
    integrity sha512-awg2F0SvwACBaw4HIObK8pQGfSqAc4Vy+YFzWSfZNVC35oRO6RsRdKHVU99lRC0LrT2Ptmfghl2DMPSrRDbvlQ==
    dependencies:
      tslib "^2.3.1"
  
  "@aws-sdk/middleware-user-agent@3.257.0":
    version "3.257.0"
    resolved "https://registry.npmjs.org/@aws-sdk/middleware-user-agent/-/middleware-user-agent-3.257.0.tgz"
    integrity sha512-37rt75LZyD0UWpbcFuxEGqwF3DZKSixQPl7AsDe6q3KtrO5gGQB+diH5vbY0txNNYyv5IK9WMwvY73mVmoWRmw==
    dependencies:
      "@aws-sdk/protocol-http" "3.257.0"
      "@aws-sdk/types" "3.257.0"
      tslib "^2.3.1"
  
  "@aws-sdk/node-config-provider@3.259.0":
    version "3.259.0"
    resolved "https://registry.npmjs.org/@aws-sdk/node-config-provider/-/node-config-provider-3.259.0.tgz"
    integrity sha512-DUOqr71oonBvM6yKPdhDBmraqgXHCFrVWFw7hc5ZNxL2wS/EsbKfGPJp+C+SUgpn1upIWPNnh/bNoLAbBkcLsA==
    dependencies:
      "@aws-sdk/property-provider" "3.257.0"
      "@aws-sdk/shared-ini-file-loader" "3.257.0"
      "@aws-sdk/types" "3.257.0"
      tslib "^2.3.1"
  
  "@aws-sdk/node-http-handler@3.257.0":
    version "3.257.0"
    resolved "https://registry.npmjs.org/@aws-sdk/node-http-handler/-/node-http-handler-3.257.0.tgz"
    integrity sha512-8KnWHVVwaGKyTlkTU9BSOAiSovNDoagxemU2l10QqBbzUCVpljCUMUkABEGRJ1yoQCl6DJ7RtNkAyZ8Ne/E15A==
    dependencies:
      "@aws-sdk/abort-controller" "3.257.0"
      "@aws-sdk/protocol-http" "3.257.0"
      "@aws-sdk/querystring-builder" "3.257.0"
      "@aws-sdk/types" "3.257.0"
      tslib "^2.3.1"
  
  "@aws-sdk/property-provider@3.257.0":
    version "3.257.0"
    resolved "https://registry.npmjs.org/@aws-sdk/property-provider/-/property-provider-3.257.0.tgz"
    integrity sha512-3rUbRAcF0GZ5PhDiXhS4yREfZ5hOEtvYEa9S/19OdM5eoypOaLU5XnFcCKfnccSP8SkdgpJujzxOMRWNWadlAQ==
    dependencies:
      "@aws-sdk/types" "3.257.0"
      tslib "^2.3.1"
  
  "@aws-sdk/protocol-http@3.257.0":
    version "3.257.0"
    resolved "https://registry.npmjs.org/@aws-sdk/protocol-http/-/protocol-http-3.257.0.tgz"
    integrity sha512-xt7LGOgZIvbLS3418AYQLacOqx+mo5j4mPiIMz7f6AaUg+/fBUgESVsncKDqxbEJVwwCXSka8Ca0cntJmoeMSw==
    dependencies:
      "@aws-sdk/types" "3.257.0"
      tslib "^2.3.1"
  
  "@aws-sdk/querystring-builder@3.257.0":
    version "3.257.0"
    resolved "https://registry.npmjs.org/@aws-sdk/querystring-builder/-/querystring-builder-3.257.0.tgz"
    integrity sha512-mZHWLP7XIkzx1GIXO5WfX/iJ+aY9TWs02RE9FkdL2+by0HEMR65L3brQTbU1mIBJ7BjaPwYH24dljUOSABX7yg==
    dependencies:
      "@aws-sdk/types" "3.257.0"
      "@aws-sdk/util-uri-escape" "3.201.0"
      tslib "^2.3.1"
  
  "@aws-sdk/querystring-parser@3.257.0":
    version "3.257.0"
    resolved "https://registry.npmjs.org/@aws-sdk/querystring-parser/-/querystring-parser-3.257.0.tgz"
    integrity sha512-UDrE1dEwWrWT8dG2VCrGYrPxCWOkZ1fPTPkjpkR4KZEdQDZBqU5gYZF2xPj8Nz7pjQVHFuW2wFm3XYEk56GEjg==
    dependencies:
      "@aws-sdk/types" "3.257.0"
      tslib "^2.3.1"
  
  "@aws-sdk/service-error-classification@3.257.0":
    version "3.257.0"
    resolved "https://registry.npmjs.org/@aws-sdk/service-error-classification/-/service-error-classification-3.257.0.tgz"
    integrity sha512-FAyR0XsueGkkqDtkP03cTJQk52NdQ9sZelLynmmlGPUP75LApRPvFe1riKrou6+LsDbwVNVffj6mbDfIcOhaOw==
  
  "@aws-sdk/shared-ini-file-loader@3.257.0":
    version "3.257.0"
    resolved "https://registry.npmjs.org/@aws-sdk/shared-ini-file-loader/-/shared-ini-file-loader-3.257.0.tgz"
    integrity sha512-HNjC1+Wx3xHiJc+CP14GhIdVhfQGSjroAsWseRxAhONocA9Fl1ZX4hx7+sA5c9nOoMVOovi6ivJ/6lCRPTDRrQ==
    dependencies:
      "@aws-sdk/types" "3.257.0"
      tslib "^2.3.1"
  
  "@aws-sdk/signature-v4@3.257.0":
    version "3.257.0"
    resolved "https://registry.npmjs.org/@aws-sdk/signature-v4/-/signature-v4-3.257.0.tgz"
    integrity sha512-aLQQN59X/D0+ShzPD3Anj5ntdMA/RFeNLOUCDyDvremViGi6yxUS98usQ/8bG5Rq0sW2GGMdbFUFmrDvqdiqEQ==
    dependencies:
      "@aws-sdk/is-array-buffer" "3.201.0"
      "@aws-sdk/types" "3.257.0"
      "@aws-sdk/util-hex-encoding" "3.201.0"
      "@aws-sdk/util-middleware" "3.257.0"
      "@aws-sdk/util-uri-escape" "3.201.0"
      "@aws-sdk/util-utf8" "3.254.0"
      tslib "^2.3.1"
  
  "@aws-sdk/smithy-client@3.261.0":
    version "3.261.0"
    resolved "https://registry.npmjs.org/@aws-sdk/smithy-client/-/smithy-client-3.261.0.tgz"
    integrity sha512-j8XQEa3caZUVFVZfhJjaskw80O/tB+IXu84HMN44N7UkXaCFHirUsNjTDztJhnVXf/gKXzIqUqprfRnOvwLtIg==
    dependencies:
      "@aws-sdk/middleware-stack" "3.257.0"
      "@aws-sdk/types" "3.257.0"
      tslib "^2.3.1"
  
  "@aws-sdk/token-providers@3.261.0":
    version "3.261.0"
    resolved "https://registry.npmjs.org/@aws-sdk/token-providers/-/token-providers-3.261.0.tgz"
    integrity sha512-Vi/GOnx8rPvQz5TdJJl5CwpTX6uRsSE3fzh94O4FEAIxIFtb4P5juqg92+2CJ81C7iNduB6eEeSHtwWUylypXQ==
    dependencies:
      "@aws-sdk/client-sso-oidc" "3.261.0"
      "@aws-sdk/property-provider" "3.257.0"
      "@aws-sdk/shared-ini-file-loader" "3.257.0"
      "@aws-sdk/types" "3.257.0"
      tslib "^2.3.1"
  
  "@aws-sdk/types@3.257.0", "@aws-sdk/types@^3.222.0":
    version "3.257.0"
    resolved "https://registry.npmjs.org/@aws-sdk/types/-/types-3.257.0.tgz"
    integrity sha512-LmqXuBQBGeaGi/3Rp7XiEX1B5IPO2UUfBVvu0wwGqVsmstT0SbOVDZGPmxygACbm64n+PRx3uTSDefRfoiWYZg==
    dependencies:
      tslib "^2.3.1"
  
  "@aws-sdk/url-parser@3.257.0":
    version "3.257.0"
    resolved "https://registry.npmjs.org/@aws-sdk/url-parser/-/url-parser-3.257.0.tgz"
    integrity sha512-Qe/AcFe/NFZHa6cN2afXEQn9ehXxh57dWGdRjfjd2lQqNV4WW1R2pl2Tm1ZJ1dwuCNLJi4NHLMk8lrD3QQ8rdg==
    dependencies:
      "@aws-sdk/querystring-parser" "3.257.0"
      "@aws-sdk/types" "3.257.0"
      tslib "^2.3.1"
  
  "@aws-sdk/util-base64@3.208.0":
    version "3.208.0"
    resolved "https://registry.npmjs.org/@aws-sdk/util-base64/-/util-base64-3.208.0.tgz"
    integrity sha512-PQniZph5A6N7uuEOQi+1hnMz/FSOK/8kMFyFO+4DgA1dZ5pcKcn5wiFwHkcTb/BsgVqQa3Jx0VHNnvhlS8JyTg==
    dependencies:
      "@aws-sdk/util-buffer-from" "3.208.0"
      tslib "^2.3.1"
  
  "@aws-sdk/util-body-length-browser@3.188.0":
    version "3.188.0"
    resolved "https://registry.npmjs.org/@aws-sdk/util-body-length-browser/-/util-body-length-browser-3.188.0.tgz"
    integrity sha512-8VpnwFWXhnZ/iRSl9mTf+VKOX9wDE8QtN4bj9pBfxwf90H1X7E8T6NkiZD3k+HubYf2J94e7DbeHs7fuCPW5Qg==
    dependencies:
      tslib "^2.3.1"
  
  "@aws-sdk/util-body-length-node@3.208.0":
    version "3.208.0"
    resolved "https://registry.npmjs.org/@aws-sdk/util-body-length-node/-/util-body-length-node-3.208.0.tgz"
    integrity sha512-3zj50e5g7t/MQf53SsuuSf0hEELzMtD8RX8C76f12OSRo2Bca4FLLYHe0TZbxcfQHom8/hOaeZEyTyMogMglqg==
    dependencies:
      tslib "^2.3.1"
  
  "@aws-sdk/util-buffer-from@3.208.0":
    version "3.208.0"
    resolved "https://registry.npmjs.org/@aws-sdk/util-buffer-from/-/util-buffer-from-3.208.0.tgz"
    integrity sha512-7L0XUixNEFcLUGPeBF35enCvB9Xl+K6SQsmbrPk1P3mlV9mguWSDQqbOBwY1Ir0OVbD6H/ZOQU7hI/9RtRI0Zw==
    dependencies:
      "@aws-sdk/is-array-buffer" "3.201.0"
      tslib "^2.3.1"
  
  "@aws-sdk/util-config-provider@3.208.0":
    version "3.208.0"
    resolved "https://registry.npmjs.org/@aws-sdk/util-config-provider/-/util-config-provider-3.208.0.tgz"
    integrity sha512-DSRqwrERUsT34ug+anlMBIFooBEGwM8GejC7q00Y/9IPrQy50KnG5PW2NiTjuLKNi7pdEOlwTSEocJE15eDZIg==
    dependencies:
      tslib "^2.3.1"
  
  "@aws-sdk/util-defaults-mode-browser@3.261.0":
    version "3.261.0"
    resolved "https://registry.npmjs.org/@aws-sdk/util-defaults-mode-browser/-/util-defaults-mode-browser-3.261.0.tgz"
    integrity sha512-lX3X1NfzQVV6cakepGV24uRcqevlDnQ8VgaCV8dhnw1FVThueFigyoFaUA02+uRXbV9KIbNWkEvweNtm2wvyDw==
    dependencies:
      "@aws-sdk/property-provider" "3.257.0"
      "@aws-sdk/types" "3.257.0"
      bowser "^2.11.0"
      tslib "^2.3.1"
  
  "@aws-sdk/util-defaults-mode-node@3.261.0":
    version "3.261.0"
    resolved "https://registry.npmjs.org/@aws-sdk/util-defaults-mode-node/-/util-defaults-mode-node-3.261.0.tgz"
    integrity sha512-4AK6yu4bOmHSocUdbGoEHbNXB09UA58ON2HBHY4NxMBuFBAd9XB2tYiyhce+Cm+o+lHbS8oQnw0VZw16WMzzew==
    dependencies:
      "@aws-sdk/config-resolver" "3.259.0"
      "@aws-sdk/credential-provider-imds" "3.259.0"
      "@aws-sdk/node-config-provider" "3.259.0"
      "@aws-sdk/property-provider" "3.257.0"
      "@aws-sdk/types" "3.257.0"
      tslib "^2.3.1"
  
  "@aws-sdk/util-endpoints@3.257.0":
    version "3.257.0"
    resolved "https://registry.npmjs.org/@aws-sdk/util-endpoints/-/util-endpoints-3.257.0.tgz"
    integrity sha512-3bvmRn5XGYzPPWjLuvHBKdJOb+fijnb8Ungu9bfXnTYFsng/ndHUWeHC22O/p8w3OWoRYUIMaZHxdxe27BFozg==
    dependencies:
      "@aws-sdk/types" "3.257.0"
      tslib "^2.3.1"
  
  "@aws-sdk/util-hex-encoding@3.201.0":
    version "3.201.0"
    resolved "https://registry.npmjs.org/@aws-sdk/util-hex-encoding/-/util-hex-encoding-3.201.0.tgz"
    integrity sha512-7t1vR1pVxKx0motd3X9rI3m/xNp78p3sHtP5yo4NP4ARpxyJ0fokBomY8ScaH2D/B+U5o9ARxldJUdMqyBlJcA==
    dependencies:
      tslib "^2.3.1"
  
  "@aws-sdk/util-locate-window@^3.0.0":
    version "3.208.0"
    resolved "https://registry.npmjs.org/@aws-sdk/util-locate-window/-/util-locate-window-3.208.0.tgz"
    integrity sha512-iua1A2+P7JJEDHVgvXrRJSvsnzG7stYSGQnBVphIUlemwl6nN5D+QrgbjECtrbxRz8asYFHSzhdhECqN+tFiBg==
    dependencies:
      tslib "^2.3.1"
  
  "@aws-sdk/util-middleware@3.257.0":
    version "3.257.0"
    resolved "https://registry.npmjs.org/@aws-sdk/util-middleware/-/util-middleware-3.257.0.tgz"
    integrity sha512-F9ieon8B8eGVs5tyZtAIG3DZEObDvujkspho0qRbUTHUosM0ylJLsMU800fmC/uRHLRrZvb/RSp59+kNDwSAMw==
    dependencies:
      tslib "^2.3.1"
  
  "@aws-sdk/util-retry@3.257.0":
    version "3.257.0"
    resolved "https://registry.npmjs.org/@aws-sdk/util-retry/-/util-retry-3.257.0.tgz"
    integrity sha512-l9TOsOAYtZxwW3q5fQKW4rsD9t2HVaBfQ4zBamHkNTfB4vBVvCnz4oxkvSvA2MlxCA6am+K1K/oj917Tpqk53g==
    dependencies:
      "@aws-sdk/service-error-classification" "3.257.0"
      tslib "^2.3.1"
  
  "@aws-sdk/util-uri-escape@3.201.0":
    version "3.201.0"
    resolved "https://registry.npmjs.org/@aws-sdk/util-uri-escape/-/util-uri-escape-3.201.0.tgz"
    integrity sha512-TeTWbGx4LU2c5rx0obHeDFeO9HvwYwQtMh1yniBz00pQb6Qt6YVOETVQikRZ+XRQwEyCg/dA375UplIpiy54mA==
    dependencies:
      tslib "^2.3.1"
  
  "@aws-sdk/util-user-agent-browser@3.257.0":
    version "3.257.0"
    resolved "https://registry.npmjs.org/@aws-sdk/util-user-agent-browser/-/util-user-agent-browser-3.257.0.tgz"
    integrity sha512-YdavWK6/8Cw6mypEgysGGX/dT9p9qnzFbnN5PQsUY+JJk2Nx8fKFydjGiQ+6rWPeW17RAv9mmbboh9uPVWxVlw==
    dependencies:
      "@aws-sdk/types" "3.257.0"
      bowser "^2.11.0"
      tslib "^2.3.1"
  
  "@aws-sdk/util-user-agent-node@3.259.0":
    version "3.259.0"
    resolved "https://registry.npmjs.org/@aws-sdk/util-user-agent-node/-/util-user-agent-node-3.259.0.tgz"
    integrity sha512-R0VTmNs+ySDDebU98BUbsLyeIM5YmAEr9esPpy15XfSy3AWmAeru8nLlztdaLilHZzLIDzvM2t7NGk/FzZFCvA==
    dependencies:
      "@aws-sdk/node-config-provider" "3.259.0"
      "@aws-sdk/types" "3.257.0"
      tslib "^2.3.1"
  
  "@aws-sdk/util-utf8-browser@^3.0.0":
    version "3.259.0"
    resolved "https://registry.npmjs.org/@aws-sdk/util-utf8-browser/-/util-utf8-browser-3.259.0.tgz"
    integrity sha512-UvFa/vR+e19XookZF8RzFZBrw2EUkQWxiBW0yYQAhvk3C+QVGl0H3ouca8LDBlBfQKXwmW3huo/59H8rwb1wJw==
    dependencies:
      tslib "^2.3.1"
  
  "@aws-sdk/util-utf8@3.254.0":
    version "3.254.0"
    resolved "https://registry.npmjs.org/@aws-sdk/util-utf8/-/util-utf8-3.254.0.tgz"
    integrity sha512-14Kso/eIt5/qfIBmhEL9L1IfyUqswjSTqO2mY7KOzUZ9SZbwn3rpxmtkhmATkRjD7XIlLKaxBkI7tU9Zjzj8Kw==
    dependencies:
      "@aws-sdk/util-buffer-from" "3.208.0"
      tslib "^2.3.1"
  
  "@mapbox/node-pre-gyp@^1.0.10":
    version "1.0.10"
    resolved "https://registry.yarnpkg.com/@mapbox/node-pre-gyp/-/node-pre-gyp-1.0.10.tgz#8e6735ccebbb1581e5a7e652244cadc8a844d03c"
    integrity sha512-4ySo4CjzStuprMwk35H5pPbkymjv1SF3jGLj6rAHp/xT/RF7TL7bd9CTm1xDY49K2qF7jmR/g7k+SkLETP6opA==
    dependencies:
      detect-libc "^2.0.0"
      https-proxy-agent "^5.0.0"
      make-dir "^3.1.0"
      node-fetch "^2.6.7"
      nopt "^5.0.0"
      npmlog "^5.0.1"
      rimraf "^3.0.2"
      semver "^7.3.5"
      tar "^6.1.11"
  
  "@types/node@*":
    version "18.11.18"
    resolved "https://registry.npmjs.org/@types/node/-/node-18.11.18.tgz"
    integrity sha512-DHQpWGjyQKSHj3ebjFI/wRKcqQcdR+MoFBygntYOZytCqNfkd2ZC4ARDJ2DQqhjH5p85Nnd3jhUJIXrszFX/JA==
  
  "@types/webidl-conversions@*":
    version "7.0.0"
    resolved "https://registry.npmjs.org/@types/webidl-conversions/-/webidl-conversions-7.0.0.tgz"
    integrity sha512-xTE1E+YF4aWPJJeUzaZI5DRntlkY3+BCVJi0axFptnjGmAoWxkyREIh/XMrfxVLejwQxMCfDXdICo0VLxThrog==
  
  "@types/whatwg-url@^8.2.1":
    version "8.2.2"
    resolved "https://registry.npmjs.org/@types/whatwg-url/-/whatwg-url-8.2.2.tgz"
    integrity sha512-FtQu10RWgn3D9U4aazdwIE2yzphmTJREDqNdODHrbrZmmMqI0vMheC/6NE/J1Yveaj8H+ela+YwWTjq5PGmuhA==
    dependencies:
      "@types/node" "*"
      "@types/webidl-conversions" "*"
  
  abbrev@1:
    version "1.1.1"
    resolved "https://registry.npmjs.org/abbrev/-/abbrev-1.1.1.tgz"
    integrity sha512-nne9/IiQ/hzIhY6pdDnbBtz7DjPTKrY00P/zvPSm5pOFkl6xuGrGnXn/VtTNNfNtAfZ9/1RtehkszU9qcTii0Q==
  
  accepts@~1.3.7:
    version "1.3.7"
    resolved "https://registry.npmjs.org/accepts/-/accepts-1.3.7.tgz"
    integrity sha512-Il80Qs2WjYlJIBNzNkK6KYqlVMTbZLXgHx2oT0pU/fjRHyEp+PEfEPY0R3WCwAGVOtauxh1hOxNgIf5bv7dQpA==
    dependencies:
      mime-types "~2.1.24"
      negotiator "0.6.2"
  
  agent-base@6:
    version "6.0.2"
    resolved "https://registry.yarnpkg.com/agent-base/-/agent-base-6.0.2.tgz#49fff58577cfee3f37176feab4c22e00f86d7f77"
    integrity sha512-RZNwNclF7+MS/8bDg70amg32dyeZGZxiDuQmZxKLAlQjr3jGyLx+4Kkk58UO7D2QdgFIQCovuSuZESne6RG6XQ==
    dependencies:
      debug "4"
  
  ansi-align@^2.0.0:
    version "2.0.0"
    resolved "https://registry.npmjs.org/ansi-align/-/ansi-align-2.0.0.tgz"
    integrity sha1-w2rsy6VjuJzrVW82kPCx2eNUf38=
    dependencies:
      string-width "^2.0.0"
  
  ansi-regex@^3.0.0:
    version "3.0.0"
    resolved "https://registry.npmjs.org/ansi-regex/-/ansi-regex-3.0.0.tgz"
    integrity sha1-7QMXwyIGT3lGbAKWa922Bas32Zg=
  
  ansi-regex@^5.0.1:
    version "5.0.1"
    resolved "https://registry.yarnpkg.com/ansi-regex/-/ansi-regex-5.0.1.tgz#082cb2c89c9fe8659a311a53bd6a4dc5301db304"
    integrity sha512-quJQXlTSUGL2LH9SUXo8VwsY4soanhgo6LNSm84E1LBcE8s3O0wpdiRzyR9z/ZZJMlMWv37qOOb9pdJlMUEKFQ==
  
  ansi-styles@^3.2.1:
    version "3.2.1"
    resolved "https://registry.npmjs.org/ansi-styles/-/ansi-styles-3.2.1.tgz"
    integrity sha512-VT0ZI6kZRdTh8YyJw3SMbYm/u+NqfsAxEpWO0Pf9sq8/e94WxxOpPKx9FR1FlyCtOVDNOQ+8ntlqFxiRc+r5qA==
    dependencies:
      color-convert "^1.9.0"
  
  anymatch@~3.1.1:
    version "3.1.1"
    resolved "https://registry.npmjs.org/anymatch/-/anymatch-3.1.1.tgz"
    integrity sha512-mM8522psRCqzV+6LhomX5wgp25YVibjh8Wj23I5RPkPppSVSjyKD2A2mBJmWGa+KN7f2D6LNh9jkBCeyLktzjg==
    dependencies:
      normalize-path "^3.0.0"
      picomatch "^2.0.4"
  
  "aproba@^1.0.3 || ^2.0.0":
    version "2.0.0"
    resolved "https://registry.yarnpkg.com/aproba/-/aproba-2.0.0.tgz#52520b8ae5b569215b354efc0caa3fe1e45a8adc"
    integrity sha512-lYe4Gx7QT+MKGbDsA+Z+he/Wtef0BiwDOlK/XkBrdfsh9J/jPPXbX0tE9x9cl27Tmu5gg3QUbUrQYa/y+KOHPQ==
  
  are-we-there-yet@^2.0.0:
    version "2.0.0"
    resolved "https://registry.yarnpkg.com/are-we-there-yet/-/are-we-there-yet-2.0.0.tgz#372e0e7bd279d8e94c653aaa1f67200884bf3e1c"
    integrity sha512-Ci/qENmwHnsYo9xKIcUJN5LeDKdJ6R1Z1j9V/J5wyq8nh/mYPEpIKJbBZXtZjG04HiK7zV/p6Vs9952MrMeUIw==
    dependencies:
      delegates "^1.0.0"
      readable-stream "^3.6.0"
  
  array-flatten@1.1.1:
    version "1.1.1"
    resolved "https://registry.npmjs.org/array-flatten/-/array-flatten-1.1.1.tgz"
    integrity sha1-ml9pkFGx5wczKPKgCJaLZOopVdI=
  
  balanced-match@^1.0.0:
    version "1.0.0"
    resolved "https://registry.npmjs.org/balanced-match/-/balanced-match-1.0.0.tgz"
    integrity sha1-ibTRmasr7kneFk6gK4nORi1xt2c=
  
  base64-js@^1.3.1:
    version "1.5.1"
    resolved "https://registry.npmjs.org/base64-js/-/base64-js-1.5.1.tgz"
    integrity sha512-AKpaYlHn8t4SVbOHCy+b5+KKgvR4vrsD8vbvrbiQJps7fKDTkjkDry6ji0rUJjC0kzbNePLwzxq8iypo41qeWA==
  
  bcrypt@^5.1.0:
    version "5.1.0"
    resolved "https://registry.yarnpkg.com/bcrypt/-/bcrypt-5.1.0.tgz#bbb27665dbc400480a524d8991ac7434e8529e17"
    integrity sha512-RHBS7HI5N5tEnGTmtR/pppX0mmDSBpQ4aCBsj7CEQfYXDcO74A8sIBYcJMuCsis2E81zDxeENYhv66oZwLiA+Q==
    dependencies:
      "@mapbox/node-pre-gyp" "^1.0.10"
      node-addon-api "^5.0.0"
  
  binary-extensions@^2.0.0:
    version "2.0.0"
    resolved "https://registry.npmjs.org/binary-extensions/-/binary-extensions-2.0.0.tgz"
    integrity sha512-Phlt0plgpIIBOGTT/ehfFnbNlfsDEiqmzE2KRXoX1bLIlir4X/MR+zSyBEkL05ffWgnRSf/DXv+WrUAVr93/ow==
  
  body-parser@1.19.0, body-parser@^1.19.0:
    version "1.19.0"
    resolved "https://registry.npmjs.org/body-parser/-/body-parser-1.19.0.tgz"
    integrity sha512-dhEPs72UPbDnAQJ9ZKMNTP6ptJaionhP5cBb541nXPlW60Jepo9RV/a4fX4XWW9CuFNK22krhrj1+rgzifNCsw==
    dependencies:
      bytes "3.1.0"
      content-type "~1.0.4"
      debug "2.6.9"
      depd "~1.1.2"
      http-errors "1.7.2"
      iconv-lite "0.4.24"
      on-finished "~2.3.0"
      qs "6.7.0"
      raw-body "2.4.0"
      type-is "~1.6.17"
  
  bowser@^2.11.0:
    version "2.11.0"
    resolved "https://registry.npmjs.org/bowser/-/bowser-2.11.0.tgz"
    integrity sha512-AlcaJBi/pqqJBIQ8U9Mcpc9i8Aqxn88Skv5d+xBX006BY5u8N3mGLHa5Lgppa7L/HfwgwLgZ6NYs+Ag6uUmJRA==
  
  boxen@^1.2.1:
    version "1.3.0"
    resolved "https://registry.npmjs.org/boxen/-/boxen-1.3.0.tgz"
    integrity sha512-TNPjfTr432qx7yOjQyaXm3dSR0MH9vXp7eT1BFSl/C51g+EFnOR9hTg1IreahGBmDNCehscshe45f+C1TBZbLw==
    dependencies:
      ansi-align "^2.0.0"
      camelcase "^4.0.0"
      chalk "^2.0.1"
      cli-boxes "^1.0.0"
      string-width "^2.0.0"
      term-size "^1.2.0"
      widest-line "^2.0.0"
  
  brace-expansion@^1.1.7:
    version "1.1.11"
    resolved "https://registry.npmjs.org/brace-expansion/-/brace-expansion-1.1.11.tgz"
    integrity sha512-iCuPHDFgrHX7H2vEI/5xpz07zSHB00TpugqhmYtVmMO6518mCuRMoOYFldEBl0g187ufozdaHgWKcYFb61qGiA==
    dependencies:
      balanced-match "^1.0.0"
      concat-map "0.0.1"
  
  braces@~3.0.2:
    version "3.0.2"
    resolved "https://registry.npmjs.org/braces/-/braces-3.0.2.tgz"
    integrity sha512-b8um+L1RzM3WDSzvhm6gIz1yfTbBt6YTlcEKAvsmqCZZFw46z626lVj9j1yEPW33H5H+lBQpZMP1k8l+78Ha0A==
    dependencies:
      fill-range "^7.0.1"
  
  bson@^4.7.0:
    version "4.7.2"
    resolved "https://registry.npmjs.org/bson/-/bson-4.7.2.tgz"
    integrity sha512-Ry9wCtIZ5kGqkJoi6aD8KjxFZEx78guTQDnpXWiNthsxzrxAK/i8E6pCHAIZTbaEFWcOCvbecMukfK7XUvyLpQ==
    dependencies:
      buffer "^5.6.0"
  
  buffer@^5.6.0:
    version "5.7.1"
    resolved "https://registry.npmjs.org/buffer/-/buffer-5.7.1.tgz"
    integrity sha512-EHcyIPBQ4BSGlvjB16k5KgAJ27CIsHY/2JBmCRReo48y9rQ3MaUzWX3KVlBa4U7MyX02HdVj0K7C3WaB3ju7FQ==
    dependencies:
      base64-js "^1.3.1"
      ieee754 "^1.1.13"
  
  bytes@3.1.0:
    version "3.1.0"
    resolved "https://registry.npmjs.org/bytes/-/bytes-3.1.0.tgz"
    integrity sha512-zauLjrfCG+xvoyaqLoV8bLVXXNGC4JqlxFCutSDWA6fJrTo2ZuvLYTqZ7aHBLZSMOopbzwv8f+wZcVzfVTI2Dg==
  
  camelcase@^4.0.0:
    version "4.1.0"
    resolved "https://registry.npmjs.org/camelcase/-/camelcase-4.1.0.tgz"
    integrity sha1-1UVjW+HjPFQmScaRc+Xeas+uNN0=
  
  capture-stack-trace@^1.0.0:
    version "1.0.1"
    resolved "https://registry.npmjs.org/capture-stack-trace/-/capture-stack-trace-1.0.1.tgz"
    integrity sha512-mYQLZnx5Qt1JgB1WEiMCf2647plpGeQ2NMR/5L0HNZzGQo4fuSPnK+wjfPnKZV0aiJDgzmWqqkV/g7JD+DW0qw==
  
  chalk@^2.0.1:
    version "2.4.2"
    resolved "https://registry.npmjs.org/chalk/-/chalk-2.4.2.tgz"
    integrity sha512-Mti+f9lpJNcwF4tWV8/OrTTtF1gZi+f8FqlyAdouralcFWFQWF2+NgCHShjkCb+IFBLq9buZwE1xckQU4peSuQ==
    dependencies:
      ansi-styles "^3.2.1"
      escape-string-regexp "^1.0.5"
      supports-color "^5.3.0"
  
  chokidar@^3.2.2:
    version "3.3.1"
    resolved "https://registry.npmjs.org/chokidar/-/chokidar-3.3.1.tgz"
    integrity sha512-4QYCEWOcK3OJrxwvyyAOxFuhpvOVCYkr33LPfFNBjAD/w3sEzWsp2BUOkI4l9bHvWioAd0rc6NlHUOEaWkTeqg==
    dependencies:
      anymatch "~3.1.1"
      braces "~3.0.2"
      glob-parent "~5.1.0"
      is-binary-path "~2.1.0"
      is-glob "~4.0.1"
      normalize-path "~3.0.0"
      readdirp "~3.3.0"
    optionalDependencies:
      fsevents "~2.1.2"
  
  chownr@^2.0.0:
    version "2.0.0"
    resolved "https://registry.yarnpkg.com/chownr/-/chownr-2.0.0.tgz#15bfbe53d2eab4cf70f18a8cd68ebe5b3cb1dece"
    integrity sha512-bIomtDF5KGpdogkLd9VspvFzk9KfpyyGlS8YFVZl7TGPBHL5snIOnxeshwVgPteQ9b4Eydl+pVbIyE1DcvCWgQ==
  
  ci-info@^1.5.0:
    version "1.6.0"
    resolved "https://registry.npmjs.org/ci-info/-/ci-info-1.6.0.tgz"
    integrity sha512-vsGdkwSCDpWmP80ncATX7iea5DWQemg1UgCW5J8tqjU3lYw4FBYuj89J0CTVomA7BEfvSZd84GmHko+MxFQU2A==
  
  cli-boxes@^1.0.0:
    version "1.0.0"
    resolved "https://registry.npmjs.org/cli-boxes/-/cli-boxes-1.0.0.tgz"
    integrity sha1-T6kXw+WclKAEzWH47lCdplFocUM=
  
  color-convert@^1.9.0:
    version "1.9.3"
    resolved "https://registry.npmjs.org/color-convert/-/color-convert-1.9.3.tgz"
    integrity sha512-QfAUtd+vFdAtFQcC8CCyYt1fYWxSqAiK2cSD6zDB8N3cpsEBAvRxp9zOGg6G/SHHJYAT88/az/IuDGALsNVbGg==
    dependencies:
      color-name "1.1.3"
  
  color-name@1.1.3:
    version "1.1.3"
    resolved "https://registry.npmjs.org/color-name/-/color-name-1.1.3.tgz"
    integrity sha1-p9BVi9icQveV3UIyj3QIMcpTvCU=
  
  color-support@^1.1.2:
    version "1.1.3"
    resolved "https://registry.yarnpkg.com/color-support/-/color-support-1.1.3.tgz#93834379a1cc9a0c61f82f52f0d04322251bd5a2"
    integrity sha512-qiBjkpbMLO/HL68y+lh4q0/O1MZFj2RX6X/KmMa3+gJD3z+WwI1ZzDHysvqHGS3mP6mznPckpXmw1nI9cJjyRg==
  
  concat-map@0.0.1:
    version "0.0.1"
    resolved "https://registry.npmjs.org/concat-map/-/concat-map-0.0.1.tgz"
    integrity sha1-2Klr13/Wjfd5OnMDajug1UBdR3s=
  
  configstore@^3.0.0:
    version "3.1.2"
    resolved "https://registry.npmjs.org/configstore/-/configstore-3.1.2.tgz"
    integrity sha512-vtv5HtGjcYUgFrXc6Kx747B83MRRVS5R1VTEQoXvuP+kMI+if6uywV0nDGoiydJRy4yk7h9od5Og0kxx4zUXmw==
    dependencies:
      dot-prop "^4.1.0"
      graceful-fs "^4.1.2"
      make-dir "^1.0.0"
      unique-string "^1.0.0"
      write-file-atomic "^2.0.0"
      xdg-basedir "^3.0.0"
  
  console-control-strings@^1.0.0, console-control-strings@^1.1.0:
    version "1.1.0"
    resolved "https://registry.yarnpkg.com/console-control-strings/-/console-control-strings-1.1.0.tgz#3d7cf4464db6446ea644bf4b39507f9851008e8e"
    integrity sha512-ty/fTekppD2fIwRvnZAVdeOiGd1c7YXEixbgJTNzqcxJWKQnjJ/V1bNEEE6hygpM3WjwHFUVK6HTjWSzV4a8sQ==
  
  content-disposition@0.5.3:
    version "0.5.3"
    resolved "https://registry.npmjs.org/content-disposition/-/content-disposition-0.5.3.tgz"
    integrity sha512-ExO0774ikEObIAEV9kDo50o+79VCUdEB6n6lzKgGwupcVeRlhrj3qGAfwq8G6uBJjkqLrhT0qEYFcWng8z1z0g==
    dependencies:
      safe-buffer "5.1.2"
  
  content-type@~1.0.4:
    version "1.0.4"
    resolved "https://registry.npmjs.org/content-type/-/content-type-1.0.4.tgz"
    integrity sha512-hIP3EEPs8tB9AT1L+NUqtwOAps4mk2Zob89MWXMHjHWg9milF/j4osnnQLXBCBFBk/tvIG/tUc9mOUJiPBhPXA==
  
  cookie-signature@1.0.6:
    version "1.0.6"
    resolved "https://registry.npmjs.org/cookie-signature/-/cookie-signature-1.0.6.tgz"
    integrity sha1-4wOogrNCzD7oylE6eZmXNNqzriw=
  
  cookie@0.4.0:
    version "0.4.0"
    resolved "https://registry.npmjs.org/cookie/-/cookie-0.4.0.tgz"
    integrity sha512-+Hp8fLp57wnUSt0tY0tHEXh4voZRDnoIrZPqlo3DPiI4y9lwg/jqx+1Om94/W6ZaPDOUbnjOt/99w66zk+l1Xg==
  
  create-error-class@^3.0.0:
    version "3.0.2"
    resolved "https://registry.npmjs.org/create-error-class/-/create-error-class-3.0.2.tgz"
    integrity sha1-Br56vvlHo/FKMP1hBnHUAbyot7Y=
    dependencies:
      capture-stack-trace "^1.0.0"
  
  cross-spawn@^5.0.1:
    version "5.1.0"
    resolved "https://registry.npmjs.org/cross-spawn/-/cross-spawn-5.1.0.tgz"
    integrity sha1-6L0O/uWPz/b4+UUQoKVUu/ojVEk=
    dependencies:
      lru-cache "^4.0.1"
      shebang-command "^1.2.0"
      which "^1.2.9"
  
  crypto-random-string@^1.0.0:
    version "1.0.0"
    resolved "https://registry.npmjs.org/crypto-random-string/-/crypto-random-string-1.0.0.tgz"
    integrity sha1-ojD2T1aDEOFJgAmUB5DsmVRbyn4=
  
  debug@2.6.9, debug@^2.2.0:
    version "2.6.9"
    resolved "https://registry.npmjs.org/debug/-/debug-2.6.9.tgz"
    integrity sha512-bC7ElrdJaJnPbAP+1EotYvqZsb3ecl5wi6Bfi6BJTUcNowp6cvspg0jXznRTKDjm/E7AdgFBVeAPVMNcKGsHMA==
    dependencies:
      ms "2.0.0"
  
  debug@4, debug@4.x:
    version "4.3.4"
    resolved "https://registry.npmjs.org/debug/-/debug-4.3.4.tgz"
    integrity sha512-PRWFHuSU3eDtQJPvnNY7Jcket1j0t5OuOsFzPPzsekD52Zl8qUfFIPEiswXqIvHWGVHOgX+7G/vCNNhehwxfkQ==
    dependencies:
      ms "2.1.2"
  
  debug@^3.2.6:
    version "3.2.6"
    resolved "https://registry.npmjs.org/debug/-/debug-3.2.6.tgz"
    integrity sha512-mel+jf7nrtEl5Pn1Qx46zARXKDpBbvzezse7p7LqINmdoIk8PYP5SySaxEmYv6TZ0JyEKA1hsCId6DIhgITtWQ==
    dependencies:
      ms "^2.1.1"
  
  deep-extend@^0.6.0:
    version "0.6.0"
    resolved "https://registry.npmjs.org/deep-extend/-/deep-extend-0.6.0.tgz"
    integrity sha512-LOHxIOaPYdHlJRtCQfDIVZtfw/ufM8+rVj649RIHzcm/vGwQRXFt6OPqIFWsm2XEMrNIEtWR64sY1LEKD2vAOA==
  
  delegates@^1.0.0:
    version "1.0.0"
    resolved "https://registry.yarnpkg.com/delegates/-/delegates-1.0.0.tgz#84c6e159b81904fdca59a0ef44cd870d31250f9a"
    integrity sha512-bd2L678uiWATM6m5Z1VzNCErI3jiGzt6HGY8OVICs40JQq/HALfbyNJmp0UDakEY4pMMaN0Ly5om/B1VI/+xfQ==
  
  depd@~1.1.2:
    version "1.1.2"
    resolved "https://registry.npmjs.org/depd/-/depd-1.1.2.tgz"
    integrity sha1-m81S4UwJd2PnSbJ0xDRu0uVgtak=
  
  destroy@~1.0.4:
    version "1.0.4"
    resolved "https://registry.npmjs.org/destroy/-/destroy-1.0.4.tgz"
    integrity sha1-l4hXRCxEdJ5CBmE+N5RiBYJqvYA=
  
  detect-libc@^2.0.0:
    version "2.0.1"
    resolved "https://registry.yarnpkg.com/detect-libc/-/detect-libc-2.0.1.tgz#e1897aa88fa6ad197862937fbc0441ef352ee0cd"
    integrity sha512-463v3ZeIrcWtdgIg6vI6XUncguvr2TnGl4SzDXinkt9mSLpBJKXT3mW6xT3VQdDN11+WVs29pgvivTc4Lp8v+w==
  
  dot-prop@^4.1.0:
    version "4.2.0"
    resolved "https://registry.npmjs.org/dot-prop/-/dot-prop-4.2.0.tgz"
    integrity sha512-tUMXrxlExSW6U2EXiiKGSBVdYgtV8qlHL+C10TsW4PURY/ic+eaysnSkwB4kA/mBlCyy/IKDJ+Lc3wbWeaXtuQ==
    dependencies:
      is-obj "^1.0.0"
  
  dotenv@^8.2.0:
    version "8.2.0"
    resolved "https://registry.npmjs.org/dotenv/-/dotenv-8.2.0.tgz"
    integrity sha512-8sJ78ElpbDJBHNeBzUbUVLsqKdccaa/BXF1uPTw3GrvQTBgrQrtObr2mUrE38vzYd8cEv+m/JBfDLioYcfXoaw==
  
  duplexer3@^0.1.4:
    version "0.1.4"
    resolved "https://registry.npmjs.org/duplexer3/-/duplexer3-0.1.4.tgz"
    integrity sha1-7gHdHKwO08vH/b6jfcCo8c4ALOI=
  
  ee-first@1.1.1:
    version "1.1.1"
    resolved "https://registry.npmjs.org/ee-first/-/ee-first-1.1.1.tgz"
    integrity sha1-WQxhFWsK4vTwJVcyoViyZrxWsh0=
  
  emoji-regex@^8.0.0:
    version "8.0.0"
    resolved "https://registry.yarnpkg.com/emoji-regex/-/emoji-regex-8.0.0.tgz#e818fd69ce5ccfcb404594f842963bf53164cc37"
    integrity sha512-MSjYzcWNOA0ewAHpz0MxpYFvwg6yjy1NG3xteoqz644VCo/RPgnr1/GGt+ic3iJTzQ8Eu3TdM14SawnVUmGE6A==
  
  encodeurl@~1.0.2:
    version "1.0.2"
    resolved "https://registry.npmjs.org/encodeurl/-/encodeurl-1.0.2.tgz"
    integrity sha1-rT/0yG7C0CkyL1oCw6mmBslbP1k=
  
  escape-html@~1.0.3:
    version "1.0.3"
    resolved "https://registry.npmjs.org/escape-html/-/escape-html-1.0.3.tgz"
    integrity sha1-Aljq5NPQwJdN4cFpGI7wBR0dGYg=
  
  escape-string-regexp@^1.0.5:
    version "1.0.5"
    resolved "https://registry.npmjs.org/escape-string-regexp/-/escape-string-regexp-1.0.5.tgz"
    integrity sha1-G2HAViGQqN/2rjuyzwIAyhMLhtQ=
  
  etag@~1.8.1:
    version "1.8.1"
    resolved "https://registry.npmjs.org/etag/-/etag-1.8.1.tgz"
    integrity sha1-Qa4u62XvpiJorr/qg6x9eSmbCIc=
  
  execa@^0.7.0:
    version "0.7.0"
    resolved "https://registry.npmjs.org/execa/-/execa-0.7.0.tgz"
    integrity sha1-lEvs00zEHuMqY6n68nrVpl/Fl3c=
    dependencies:
      cross-spawn "^5.0.1"
      get-stream "^3.0.0"
      is-stream "^1.1.0"
      npm-run-path "^2.0.0"
      p-finally "^1.0.0"
      signal-exit "^3.0.0"
      strip-eof "^1.0.0"
  
  express@^4.17.1:
    version "4.17.1"
    resolved "https://registry.npmjs.org/express/-/express-4.17.1.tgz"
    integrity sha512-mHJ9O79RqluphRrcw2X/GTh3k9tVv8YcoyY4Kkh4WDMUYKRZUq0h1o0w2rrrxBqM7VoeUVqgb27xlEMXTnYt4g==
    dependencies:
      accepts "~1.3.7"
      array-flatten "1.1.1"
      body-parser "1.19.0"
      content-disposition "0.5.3"
      content-type "~1.0.4"
      cookie "0.4.0"
      cookie-signature "1.0.6"
      debug "2.6.9"
      depd "~1.1.2"
      encodeurl "~1.0.2"
      escape-html "~1.0.3"
      etag "~1.8.1"
      finalhandler "~1.1.2"
      fresh "0.5.2"
      merge-descriptors "1.0.1"
      methods "~1.1.2"
      on-finished "~2.3.0"
      parseurl "~1.3.3"
      path-to-regexp "0.1.7"
      proxy-addr "~2.0.5"
      qs "6.7.0"
      range-parser "~1.2.1"
      safe-buffer "5.1.2"
      send "0.17.1"
      serve-static "1.14.1"
      setprototypeof "1.1.1"
      statuses "~1.5.0"
      type-is "~1.6.18"
      utils-merge "1.0.1"
      vary "~1.1.2"
  
  fast-xml-parser@4.0.11:
    version "4.0.11"
    resolved "https://registry.npmjs.org/fast-xml-parser/-/fast-xml-parser-4.0.11.tgz"
    integrity sha512-4aUg3aNRR/WjQAcpceODG1C3x3lFANXRo8+1biqfieHmg9pyMt7qB4lQV/Ta6sJCTbA5vfD8fnA8S54JATiFUA==
    dependencies:
      strnum "^1.0.5"
  
  fill-range@^7.0.1:
    version "7.0.1"
    resolved "https://registry.npmjs.org/fill-range/-/fill-range-7.0.1.tgz"
    integrity sha512-qOo9F+dMUmC2Lcb4BbVvnKJxTPjCm+RRpe4gDuGrzkL7mEVl/djYSu2OdQ2Pa302N4oqkSg9ir6jaLWJ2USVpQ==
    dependencies:
      to-regex-range "^5.0.1"
  
  finalhandler@~1.1.2:
    version "1.1.2"
    resolved "https://registry.npmjs.org/finalhandler/-/finalhandler-1.1.2.tgz"
    integrity sha512-aAWcW57uxVNrQZqFXjITpW3sIUQmHGG3qSb9mUah9MgMC4NeWhNOlNjXEYq3HjRAvL6arUviZGGJsBg6z0zsWA==
    dependencies:
      debug "2.6.9"
      encodeurl "~1.0.2"
      escape-html "~1.0.3"
      on-finished "~2.3.0"
      parseurl "~1.3.3"
      statuses "~1.5.0"
      unpipe "~1.0.0"
  
  forwarded@~0.1.2:
    version "0.1.2"
    resolved "https://registry.npmjs.org/forwarded/-/forwarded-0.1.2.tgz"
    integrity sha1-mMI9qxF1ZXuMBXPozszZGw/xjIQ=
  
  fresh@0.5.2:
    version "0.5.2"
    resolved "https://registry.npmjs.org/fresh/-/fresh-0.5.2.tgz"
    integrity sha1-PYyt2Q2XZWn6g1qx+OSyOhBWBac=
  
  fs-minipass@^2.0.0:
    version "2.1.0"
    resolved "https://registry.yarnpkg.com/fs-minipass/-/fs-minipass-2.1.0.tgz#7f5036fdbf12c63c169190cbe4199c852271f9fb"
    integrity sha512-V/JgOLFCS+R6Vcq0slCuaeWEdNC3ouDlJMNIsacH2VtALiu9mV4LPrHc5cDl8k5aw6J8jwgWWpiTo5RYhmIzvg==
    dependencies:
      minipass "^3.0.0"
  
  fs.realpath@^1.0.0:
    version "1.0.0"
    resolved "https://registry.yarnpkg.com/fs.realpath/-/fs.realpath-1.0.0.tgz#1504ad2523158caa40db4a2787cb01411994ea4f"
    integrity sha512-OO0pH2lK6a0hZnAdau5ItzHPI6pUlvI7jMVnxUQRtw4owF2wk8lOSabtGDCTP4Ggrg2MbGnWO9X8K1t4+fGMDw==
  
  fsevents@~2.1.2:
    version "2.1.3"
    resolved "https://registry.yarnpkg.com/fsevents/-/fsevents-2.1.3.tgz#fb738703ae8d2f9fe900c33836ddebee8b97f23e"
    integrity sha512-Auw9a4AxqWpa9GUfj370BMPzzyncfBABW8Mab7BGWBYDj4Isgq+cDKtx0i6u9jcX9pQDnswsaaOTgTmA5pEjuQ==
  
  gauge@^3.0.0:
    version "3.0.2"
    resolved "https://registry.yarnpkg.com/gauge/-/gauge-3.0.2.tgz#03bf4441c044383908bcfa0656ad91803259b395"
    integrity sha512-+5J6MS/5XksCuXq++uFRsnUd7Ovu1XenbeuIuNRJxYWjgQbPuFhT14lAvsWfqfAmnwluf1OwMjz39HjfLPci0Q==
    dependencies:
      aproba "^1.0.3 || ^2.0.0"
      color-support "^1.1.2"
      console-control-strings "^1.0.0"
      has-unicode "^2.0.1"
      object-assign "^4.1.1"
      signal-exit "^3.0.0"
      string-width "^4.2.3"
      strip-ansi "^6.0.1"
      wide-align "^1.1.2"
  
  get-stream@^3.0.0:
    version "3.0.0"
    resolved "https://registry.npmjs.org/get-stream/-/get-stream-3.0.0.tgz"
    integrity sha1-jpQ9E1jcN1VQVOy+LtsFqhdO3hQ=
  
  glob-parent@~5.1.0:
    version "5.1.0"
    resolved "https://registry.npmjs.org/glob-parent/-/glob-parent-5.1.0.tgz"
    integrity sha512-qjtRgnIVmOfnKUE3NJAQEdk+lKrxfw8t5ke7SXtfMTHcjsBfOfWXCQfdb30zfDoZQ2IRSIiidmjtbHZPZ++Ihw==
    dependencies:
      is-glob "^4.0.1"
  
  glob@^7.1.3:
    version "7.2.3"
    resolved "https://registry.yarnpkg.com/glob/-/glob-7.2.3.tgz#b8df0fb802bbfa8e89bd1d938b4e16578ed44f2b"
    integrity sha512-nFR0zLpU2YCaRxwoCJvL6UvCH2JFyFVIvwTLsIf21AuHlMskA1hhTdk+LlYJtOlYt9v6dvszD2BGRqBL+iQK9Q==
    dependencies:
      fs.realpath "^1.0.0"
      inflight "^1.0.4"
      inherits "2"
      minimatch "^3.1.1"
      once "^1.3.0"
      path-is-absolute "^1.0.0"
  
  global-dirs@^0.1.0:
    version "0.1.1"
    resolved "https://registry.npmjs.org/global-dirs/-/global-dirs-0.1.1.tgz"
    integrity sha1-sxnA3UYH81PzvpzKTHL8FIxJ9EU=
    dependencies:
      ini "^1.3.4"
  
  got@^6.7.1:
    version "6.7.1"
    resolved "https://registry.npmjs.org/got/-/got-6.7.1.tgz"
    integrity sha1-JAzQV4WpoY5WHcG0S0HHY+8ejbA=
    dependencies:
      create-error-class "^3.0.0"
      duplexer3 "^0.1.4"
      get-stream "^3.0.0"
      is-redirect "^1.0.0"
      is-retry-allowed "^1.0.0"
      is-stream "^1.0.0"
      lowercase-keys "^1.0.0"
      safe-buffer "^5.0.1"
      timed-out "^4.0.0"
      unzip-response "^2.0.1"
      url-parse-lax "^1.0.0"
  
  graceful-fs@^4.1.11, graceful-fs@^4.1.2:
    version "4.2.3"
    resolved "https://registry.npmjs.org/graceful-fs/-/graceful-fs-4.2.3.tgz"
    integrity sha512-a30VEBm4PEdx1dRB7MFK7BejejvCvBronbLjht+sHuGYj8PHs7M/5Z+rt5lw551vZ7yfTCj4Vuyy3mSJytDWRQ==
  
  has-flag@^3.0.0:
    version "3.0.0"
    resolved "https://registry.npmjs.org/has-flag/-/has-flag-3.0.0.tgz"
    integrity sha1-tdRU3CGZriJWmfNGfloH87lVuv0=
  
  has-unicode@^2.0.1:
    version "2.0.1"
    resolved "https://registry.yarnpkg.com/has-unicode/-/has-unicode-2.0.1.tgz#e0e6fe6a28cf51138855e086d1691e771de2a8b9"
    integrity sha512-8Rf9Y83NBReMnx0gFzA8JImQACstCYWUplepDa9xprwwtmgEZUF0h/i5xSA625zB/I37EtrswSST6OXxwaaIJQ==
  
  http-errors@1.7.2, http-errors@~1.7.2:
    version "1.7.2"
    resolved "https://registry.npmjs.org/http-errors/-/http-errors-1.7.2.tgz"
    integrity sha512-uUQBt3H/cSIVfch6i1EuPNy/YsRSOUBXTVfZ+yR7Zjez3qjBz6i9+i4zjNaoqcoFVI4lQJ5plg63TvGfRSDCRg==
    dependencies:
      depd "~1.1.2"
      inherits "2.0.3"
      setprototypeof "1.1.1"
      statuses ">= 1.5.0 < 2"
      toidentifier "1.0.0"
  
  https-proxy-agent@^5.0.0:
    version "5.0.1"
    resolved "https://registry.yarnpkg.com/https-proxy-agent/-/https-proxy-agent-5.0.1.tgz#c59ef224a04fe8b754f3db0063a25ea30d0005d6"
    integrity sha512-dFcAjpTQFgoLMzC2VwU+C/CbS7uRL0lWmxDITmqm7C+7F0Odmj6s9l6alZc6AELXhrnggM2CeWSXHGOdX2YtwA==
    dependencies:
      agent-base "6"
      debug "4"
  
  iconv-lite@0.4.24:
    version "0.4.24"
    resolved "https://registry.npmjs.org/iconv-lite/-/iconv-lite-0.4.24.tgz"
    integrity sha512-v3MXnZAcvnywkTUEZomIActle7RXXeedOR31wwl7VlyoXO4Qi9arvSenNQWne1TcRwhCL1HwLI21bEqdpj8/rA==
    dependencies:
      safer-buffer ">= 2.1.2 < 3"
  
  ieee754@^1.1.13:
    version "1.2.1"
    resolved "https://registry.npmjs.org/ieee754/-/ieee754-1.2.1.tgz"
    integrity sha512-dcyqhDvX1C46lXZcVqCpK+FtMRQVdIMN6/Df5js2zouUsqG7I6sFxitIC+7KYK29KdXOLHdu9zL4sFnoVQnqaA==
  
  ignore-by-default@^1.0.1:
    version "1.0.1"
    resolved "https://registry.npmjs.org/ignore-by-default/-/ignore-by-default-1.0.1.tgz"
    integrity sha1-SMptcvbGo68Aqa1K5odr44ieKwk=
  
  import-lazy@^2.1.0:
    version "2.1.0"
    resolved "https://registry.npmjs.org/import-lazy/-/import-lazy-2.1.0.tgz"
    integrity sha1-BWmOPUXIjo1+nZLLBYTnfwlvPkM=
  
  imurmurhash@^0.1.4:
    version "0.1.4"
    resolved "https://registry.npmjs.org/imurmurhash/-/imurmurhash-0.1.4.tgz"
    integrity sha1-khi5srkoojixPcT7a21XbyMUU+o=
  
  inflight@^1.0.4:
    version "1.0.6"
    resolved "https://registry.yarnpkg.com/inflight/-/inflight-1.0.6.tgz#49bd6331d7d02d0c09bc910a1075ba8165b56df9"
    integrity sha512-k92I/b08q4wvFscXCLvqfsHCrjrF7yiXsQuIVvVE7N82W3+aqpzuUdBbfhWcy/FZR3/4IgflMgKLOsvPDrGCJA==
    dependencies:
      once "^1.3.0"
      wrappy "1"
  
  inherits@2, inherits@^2.0.3:
    version "2.0.4"
    resolved "https://registry.yarnpkg.com/inherits/-/inherits-2.0.4.tgz#0fa2c64f932917c3433a0ded55363aae37416b7c"
    integrity sha512-k/vGaX4/Yla3WzyMCvTQOXYeIHvqOKtnqBduzTHpzpQZzAskKMhZ2K+EnBiSM9zGSoIFeMpXKxa4dYeZIQqewQ==
  
  inherits@2.0.3:
    version "2.0.3"
    resolved "https://registry.npmjs.org/inherits/-/inherits-2.0.3.tgz"
    integrity sha1-Yzwsg+PaQqUC9SRmAiSA9CCCYd4=
  
  ini@^1.3.4, ini@~1.3.0:
    version "1.3.5"
    resolved "https://registry.npmjs.org/ini/-/ini-1.3.5.tgz"
    integrity sha512-RZY5huIKCMRWDUqZlEi72f/lmXKMvuszcMBduliQ3nnWbx9X/ZBQO7DijMEYS9EhHBb2qacRUMtC7svLwe0lcw==
  
  ip@^2.0.0:
    version "2.0.0"
    resolved "https://registry.npmjs.org/ip/-/ip-2.0.0.tgz"
    integrity sha512-WKa+XuLG1A1R0UWhl2+1XQSi+fZWMsYKffMZTTYsiZaUD8k2yDAj5atimTUD2TZkyCkNEeYE5NhFZmupOGtjYQ==
  
  ipaddr.js@1.9.0:
    version "1.9.0"
    resolved "https://registry.npmjs.org/ipaddr.js/-/ipaddr.js-1.9.0.tgz"
    integrity sha512-M4Sjn6N/+O6/IXSJseKqHoFc+5FdGJ22sXqnjTpdZweHK64MzEPAyQZyEU3R/KRv2GLoa7nNtg/C2Ev6m7z+eA==
  
  is-binary-path@~2.1.0:
    version "2.1.0"
    resolved "https://registry.npmjs.org/is-binary-path/-/is-binary-path-2.1.0.tgz"
    integrity sha512-ZMERYes6pDydyuGidse7OsHxtbI7WVeUEozgR/g7rd0xUimYNlvZRE/K2MgZTjWy725IfelLeVcEM97mmtRGXw==
    dependencies:
      binary-extensions "^2.0.0"
  
  is-ci@^1.0.10:
    version "1.2.1"
    resolved "https://registry.npmjs.org/is-ci/-/is-ci-1.2.1.tgz"
    integrity sha512-s6tfsaQaQi3JNciBH6shVqEDvhGut0SUXr31ag8Pd8BBbVVlcGfWhpPmEOoM6RJ5TFhbypvf5yyRw/VXW1IiWg==
    dependencies:
      ci-info "^1.5.0"
  
  is-extglob@^2.1.1:
    version "2.1.1"
    resolved "https://registry.npmjs.org/is-extglob/-/is-extglob-2.1.1.tgz"
    integrity sha1-qIwCU1eR8C7TfHahueqXc8gz+MI=
  
  is-fullwidth-code-point@^2.0.0:
    version "2.0.0"
    resolved "https://registry.npmjs.org/is-fullwidth-code-point/-/is-fullwidth-code-point-2.0.0.tgz"
    integrity sha1-o7MKXE8ZkYMWeqq5O+764937ZU8=
  
  is-fullwidth-code-point@^3.0.0:
    version "3.0.0"
    resolved "https://registry.yarnpkg.com/is-fullwidth-code-point/-/is-fullwidth-code-point-3.0.0.tgz#f116f8064fe90b3f7844a38997c0b75051269f1d"
    integrity sha512-zymm5+u+sCsSWyD9qNaejV3DFvhCKclKdizYaJUuHA83RLjb7nSuGnddCHGv0hk+KY7BMAlsWeK4Ueg6EV6XQg==
  
  is-glob@^4.0.1, is-glob@~4.0.1:
    version "4.0.1"
    resolved "https://registry.npmjs.org/is-glob/-/is-glob-4.0.1.tgz"
    integrity sha512-5G0tKtBTFImOqDnLB2hG6Bp2qcKEFduo4tZu9MT/H6NQv/ghhy30o55ufafxJ/LdH79LLs2Kfrn85TLKyA7BUg==
    dependencies:
      is-extglob "^2.1.1"
  
  is-installed-globally@^0.1.0:
    version "0.1.0"
    resolved "https://registry.npmjs.org/is-installed-globally/-/is-installed-globally-0.1.0.tgz"
    integrity sha1-Df2Y9akRFxbdU13aZJL2e/PSWoA=
    dependencies:
      global-dirs "^0.1.0"
      is-path-inside "^1.0.0"
  
  is-npm@^1.0.0:
    version "1.0.0"
    resolved "https://registry.npmjs.org/is-npm/-/is-npm-1.0.0.tgz"
    integrity sha1-8vtjpl5JBbQGyGBydloaTceTufQ=
  
  is-number@^7.0.0:
    version "7.0.0"
    resolved "https://registry.npmjs.org/is-number/-/is-number-7.0.0.tgz"
    integrity sha512-41Cifkg6e8TylSpdtTpeLVMqvSBEVzTttHvERD741+pnZ8ANv0004MRL43QKPDlK9cGvNp6NZWZUBlbGXYxxng==
  
  is-obj@^1.0.0:
    version "1.0.1"
    resolved "https://registry.npmjs.org/is-obj/-/is-obj-1.0.1.tgz"
    integrity sha1-PkcprB9f3gJc19g6iW2rn09n2w8=
  
  is-path-inside@^1.0.0:
    version "1.0.1"
    resolved "https://registry.npmjs.org/is-path-inside/-/is-path-inside-1.0.1.tgz"
    integrity sha1-jvW33lBDej/cprToZe96pVy0gDY=
    dependencies:
      path-is-inside "^1.0.1"
  
  is-redirect@^1.0.0:
    version "1.0.0"
    resolved "https://registry.npmjs.org/is-redirect/-/is-redirect-1.0.0.tgz"
    integrity sha1-HQPd7VO9jbDzDCbk+V02/HyH3CQ=
  
  is-retry-allowed@^1.0.0:
    version "1.2.0"
    resolved "https://registry.npmjs.org/is-retry-allowed/-/is-retry-allowed-1.2.0.tgz"
    integrity sha512-RUbUeKwvm3XG2VYamhJL1xFktgjvPzL0Hq8C+6yrWIswDy3BIXGqCxhxkc30N9jqK311gVU137K8Ei55/zVJRg==
  
  is-stream@^1.0.0, is-stream@^1.1.0:
    version "1.1.0"
    resolved "https://registry.npmjs.org/is-stream/-/is-stream-1.1.0.tgz"
    integrity sha1-EtSj3U5o4Lec6428hBc66A2RykQ=
  
  isexe@^2.0.0:
    version "2.0.0"
    resolved "https://registry.npmjs.org/isexe/-/isexe-2.0.0.tgz"
    integrity sha1-6PvzdNxVb/iUehDcsFctYz8s+hA=
  
  kareem@2.5.1:
    version "2.5.1"
    resolved "https://registry.npmjs.org/kareem/-/kareem-2.5.1.tgz"
    integrity sha512-7jFxRVm+jD+rkq3kY0iZDJfsO2/t4BBPeEb2qKn2lR/9KhuksYk5hxzfRYWMPV8P/x2d0kHD306YyWLzjjH+uA==
  
  latest-version@^3.0.0:
    version "3.1.0"
    resolved "https://registry.npmjs.org/latest-version/-/latest-version-3.1.0.tgz"
    integrity sha1-ogU4P+oyKzO1rjsYq+4NwvNW7hU=
    dependencies:
      package-json "^4.0.0"
  
  lowercase-keys@^1.0.0:
    version "1.0.1"
    resolved "https://registry.npmjs.org/lowercase-keys/-/lowercase-keys-1.0.1.tgz"
    integrity sha512-G2Lj61tXDnVFFOi8VZds+SoQjtQC3dgokKdDG2mTm1tx4m50NUHBOZSBwQQHyy0V12A0JTG4icfZQH+xPyh8VA==
  
  lru-cache@^4.0.1:
    version "4.1.5"
    resolved "https://registry.npmjs.org/lru-cache/-/lru-cache-4.1.5.tgz"
    integrity sha512-sWZlbEP2OsHNkXrMl5GYk/jKk70MBng6UU4YI/qGDYbgf6YbP4EvmqISbXCoJiRKs+1bSpFHVgQxvJ17F2li5g==
    dependencies:
      pseudomap "^1.0.2"
      yallist "^2.1.2"
  
  lru-cache@^6.0.0:
    version "6.0.0"
    resolved "https://registry.yarnpkg.com/lru-cache/-/lru-cache-6.0.0.tgz#6d6fe6570ebd96aaf90fcad1dafa3b2566db3a94"
    integrity sha512-Jo6dJ04CmSjuznwJSS3pUeWmd/H0ffTlkXXgwZi+eq1UCmqQwCh+eLsYOYCwY991i2Fah4h1BEMCx4qThGbsiA==
    dependencies:
      yallist "^4.0.0"
  
  make-dir@^1.0.0:
    version "1.3.0"
    resolved "https://registry.npmjs.org/make-dir/-/make-dir-1.3.0.tgz"
    integrity sha512-2w31R7SJtieJJnQtGc7RVL2StM2vGYVfqUOvUDxH6bC6aJTxPxTF0GnIgCyu7tjockiUWAYQRbxa7vKn34s5sQ==
    dependencies:
      pify "^3.0.0"
  
  make-dir@^3.1.0:
    version "3.1.0"
    resolved "https://registry.yarnpkg.com/make-dir/-/make-dir-3.1.0.tgz#415e967046b3a7f1d185277d84aa58203726a13f"
    integrity sha512-g3FeP20LNwhALb/6Cz6Dd4F2ngze0jz7tbzrD2wAV+o9FeNHe4rL+yK2md0J/fiSf1sa1ADhXqi5+oVwOM/eGw==
    dependencies:
      semver "^6.0.0"
  
  media-typer@0.3.0:
    version "0.3.0"
    resolved "https://registry.npmjs.org/media-typer/-/media-typer-0.3.0.tgz"
    integrity sha1-hxDXrwqmJvj/+hzgAWhUUmMlV0g=
  
  memory-pager@^1.0.2:
    version "1.5.0"
    resolved "https://registry.npmjs.org/memory-pager/-/memory-pager-1.5.0.tgz"
    integrity sha512-ZS4Bp4r/Zoeq6+NLJpP+0Zzm0pR8whtGPf1XExKLJBAczGMnSi3It14OiNCStjQjM6NU1okjQGSxgEZN8eBYKg==
  
  merge-descriptors@1.0.1:
    version "1.0.1"
    resolved "https://registry.npmjs.org/merge-descriptors/-/merge-descriptors-1.0.1.tgz"
    integrity sha1-sAqqVW3YtEVoFQ7J0blT8/kMu2E=
  
  methods@~1.1.2:
    version "1.1.2"
    resolved "https://registry.npmjs.org/methods/-/methods-1.1.2.tgz"
    integrity sha1-VSmk1nZUE07cxSZmVoNbD4Ua/O4=
  
  mime-db@1.43.0:
    version "1.43.0"
    resolved "https://registry.npmjs.org/mime-db/-/mime-db-1.43.0.tgz"
    integrity sha512-+5dsGEEovYbT8UY9yD7eE4XTc4UwJ1jBYlgaQQF38ENsKR3wj/8q8RFZrF9WIZpB2V1ArTVFUva8sAul1NzRzQ==
  
  mime-types@~2.1.24:
    version "2.1.26"
    resolved "https://registry.npmjs.org/mime-types/-/mime-types-2.1.26.tgz"
    integrity sha512-01paPWYgLrkqAyrlDorC1uDwl2p3qZT7yl806vW7DvDoxwXi46jsjFbg+WdwotBIk6/MbEhO/dh5aZ5sNj/dWQ==
    dependencies:
      mime-db "1.43.0"
  
  mime@1.6.0:
    version "1.6.0"
    resolved "https://registry.npmjs.org/mime/-/mime-1.6.0.tgz"
    integrity sha512-x0Vn8spI+wuJ1O6S7gnbaQg8Pxh4NNHb7KSINmEWKiPE4RKOplvijn+NkmYmmRgP68mc70j2EbeTFRsrswaQeg==
  
  minimatch@^3.0.4:
    version "3.0.4"
    resolved "https://registry.npmjs.org/minimatch/-/minimatch-3.0.4.tgz"
    integrity sha512-yJHVQEhyqPLUTgt9B83PXu6W3rx4MvvHvSUvToogpwoGDOUQ+yDrR0HRot+yOCdCO7u4hX3pWft6kWBBcqh0UA==
    dependencies:
      brace-expansion "^1.1.7"
  
  minimatch@^3.1.1:
    version "3.1.2"
    resolved "https://registry.yarnpkg.com/minimatch/-/minimatch-3.1.2.tgz#19cd194bfd3e428f049a70817c038d89ab4be35b"
    integrity sha512-J7p63hRiAjw1NDEww1W7i37+ByIrOWO5XQQAzZ3VOcL0PNybwpfmV/N05zFAzwQ9USyEcX6t3UO+K5aqBQOIHw==
    dependencies:
      brace-expansion "^1.1.7"
  
  minimist@^1.2.0:
    version "1.2.0"
    resolved "https://registry.npmjs.org/minimist/-/minimist-1.2.0.tgz"
    integrity sha1-o1AIsg9BOD7sH7kU9M1d95omQoQ=
  
  minipass@^3.0.0:
    version "3.3.6"
    resolved "https://registry.yarnpkg.com/minipass/-/minipass-3.3.6.tgz#7bba384db3a1520d18c9c0e5251c3444e95dd94a"
    integrity sha512-DxiNidxSEK+tHG6zOIklvNOwm3hvCrbUrdtzY74U6HKTJxvIDfOUL5W5P2Ghd3DTkhhKPYGqeNUIh5qcM4YBfw==
    dependencies:
      yallist "^4.0.0"
  
  minipass@^4.0.0:
    version "4.0.1"
    resolved "https://registry.yarnpkg.com/minipass/-/minipass-4.0.1.tgz#2b9408c6e81bb8b338d600fb3685e375a370a057"
    integrity sha512-V9esFpNbK0arbN3fm2sxDKqMYgIp7XtVdE4Esj+PE4Qaaxdg1wIw48ITQIOn1sc8xXSmUviVL3cyjMqPlrVkiA==
  
  minizlib@^2.1.1:
    version "2.1.2"
    resolved "https://registry.yarnpkg.com/minizlib/-/minizlib-2.1.2.tgz#e90d3466ba209b932451508a11ce3d3632145931"
    integrity sha512-bAxsR8BVfj60DWXHE3u30oHzfl4G7khkSuPW+qvpd7jFRHm7dLxOjUk1EHACJ/hxLY8phGJ0YhYHZo7jil7Qdg==
    dependencies:
      minipass "^3.0.0"
      yallist "^4.0.0"
  
  mkdirp@^1.0.3:
    version "1.0.4"
    resolved "https://registry.yarnpkg.com/mkdirp/-/mkdirp-1.0.4.tgz#3eb5ed62622756d79a5f0e2a221dfebad75c2f7e"
    integrity sha512-vVqVZQyf3WLx2Shd0qJ9xuvqgAyKPLAiqITEtqW0oIUjzo3PePDd6fW9iFz30ef7Ysp/oiWqbhszeGWW2T6Gzw==
  
  mongodb-connection-string-url@^2.5.4:
    version "2.6.0"
    resolved "https://registry.npmjs.org/mongodb-connection-string-url/-/mongodb-connection-string-url-2.6.0.tgz"
    integrity sha512-WvTZlI9ab0QYtTYnuMLgobULWhokRjtC7db9LtcVfJ+Hsnyr5eo6ZtNAt3Ly24XZScGMelOcGtm7lSn0332tPQ==
    dependencies:
      "@types/whatwg-url" "^8.2.1"
      whatwg-url "^11.0.0"
  
  mongodb@4.13.0:
    version "4.13.0"
    resolved "https://registry.npmjs.org/mongodb/-/mongodb-4.13.0.tgz"
    integrity sha512-+taZ/bV8d1pYuHL4U+gSwkhmDrwkWbH1l4aah4YpmpscMwgFBkufIKxgP/G7m87/NUuQzc2Z75ZTI7ZOyqZLbw==
    dependencies:
      bson "^4.7.0"
      mongodb-connection-string-url "^2.5.4"
      socks "^2.7.1"
    optionalDependencies:
      "@aws-sdk/credential-providers" "^3.186.0"
      saslprep "^1.0.3"
  
  mongoose@^6.9.0:
    version "6.9.0"
    resolved "https://registry.npmjs.org/mongoose/-/mongoose-6.9.0.tgz"
    integrity sha512-5tu6+trwjk5TIH6b6iYgAwmzZ0RNOxFoqXQb9h21Oi45DeM1rWM/niHxJ4ROqBISDfQMwRvLSABHTsyn3AzoFQ==
    dependencies:
      bson "^4.7.0"
      kareem "2.5.1"
      mongodb "4.13.0"
      mpath "0.9.0"
      mquery "4.0.3"
      ms "2.1.3"
      sift "16.0.1"
  
  mpath@0.9.0:
    version "0.9.0"
    resolved "https://registry.npmjs.org/mpath/-/mpath-0.9.0.tgz"
    integrity sha512-ikJRQTk8hw5DEoFVxHG1Gn9T/xcjtdnOKIU1JTmGjZZlg9LST2mBLmcX3/ICIbgJydT2GOc15RnNy5mHmzfSew==
  
  mquery@4.0.3:
    version "4.0.3"
    resolved "https://registry.npmjs.org/mquery/-/mquery-4.0.3.tgz"
    integrity sha512-J5heI+P08I6VJ2Ky3+33IpCdAvlYGTSUjwTPxkAr8i8EoduPMBX2OY/wa3IKZIQl7MU4SbFk8ndgSKyB/cl1zA==
    dependencies:
      debug "4.x"
  
  ms@2.0.0:
    version "2.0.0"
    resolved "https://registry.npmjs.org/ms/-/ms-2.0.0.tgz"
    integrity sha1-VgiurfwAvmwpAd9fmGF4jeDVl8g=
  
  ms@2.1.1:
    version "2.1.1"
    resolved "https://registry.npmjs.org/ms/-/ms-2.1.1.tgz"
    integrity sha512-tgp+dl5cGk28utYktBsrFqA7HKgrhgPsg6Z/EfhWI4gl1Hwq8B/GmY/0oXZ6nF8hDVesS/FpnYaD/kOWhYQvyg==
  
  ms@2.1.2, ms@^2.1.1:
    version "2.1.2"
    resolved "https://registry.npmjs.org/ms/-/ms-2.1.2.tgz"
    integrity sha512-sGkPx+VjMtmA6MX27oA4FBFELFCZZ4S4XqeGOXCv68tT+jb3vk/RyaKWP0PTKyWtmLSM0b+adUTEvbs1PEaH2w==
  
  ms@2.1.3:
    version "2.1.3"
    resolved "https://registry.npmjs.org/ms/-/ms-2.1.3.tgz"
    integrity sha512-6FlzubTLZG3J2a/NVCAleEhjzq5oxgHyaCU9yYXvcLsvoVaHJq/s5xXI6/XXP6tz7R9xAOtHnSO/tXtF3WRTlA==
  
  negotiator@0.6.2:
    version "0.6.2"
    resolved "https://registry.npmjs.org/negotiator/-/negotiator-0.6.2.tgz"
    integrity sha512-hZXc7K2e+PgeI1eDBe/10Ard4ekbfrrqG8Ep+8Jmf4JID2bNg7NvCPOZN+kfF574pFQI7mum2AUqDidoKqcTOw==
  
  node-addon-api@^5.0.0:
    version "5.1.0"
    resolved "https://registry.yarnpkg.com/node-addon-api/-/node-addon-api-5.1.0.tgz#49da1ca055e109a23d537e9de43c09cca21eb762"
    integrity sha512-eh0GgfEkpnoWDq+VY8OyvYhFEzBk6jIYbRKdIlyTiAXIVJ8PyBaKb0rp7oDtoddbdoHWhq8wwr+XZ81F1rpNdA==
  
  node-fetch@^2.6.7:
    version "2.6.9"
    resolved "https://registry.yarnpkg.com/node-fetch/-/node-fetch-2.6.9.tgz#7c7f744b5cc6eb5fd404e0c7a9fec630a55657e6"
    integrity sha512-DJm/CJkZkRjKKj4Zi4BsKVZh3ValV5IR5s7LVZnW+6YMh0W1BfNA8XSs6DLMGYlId5F3KnA70uu2qepcR08Qqg==
    dependencies:
      whatwg-url "^5.0.0"
  
  nodemon@^2.0.2:
    version "2.0.2"
    resolved "https://registry.npmjs.org/nodemon/-/nodemon-2.0.2.tgz"
    integrity sha512-GWhYPMfde2+M0FsHnggIHXTqPDHXia32HRhh6H0d75Mt9FKUoCBvumNHr7LdrpPBTKxsWmIEOjoN+P4IU6Hcaw==
    dependencies:
      chokidar "^3.2.2"
      debug "^3.2.6"
      ignore-by-default "^1.0.1"
      minimatch "^3.0.4"
      pstree.remy "^1.1.7"
      semver "^5.7.1"
      supports-color "^5.5.0"
      touch "^3.1.0"
      undefsafe "^2.0.2"
      update-notifier "^2.5.0"
  
  nopt@^5.0.0:
    version "5.0.0"
    resolved "https://registry.yarnpkg.com/nopt/-/nopt-5.0.0.tgz#530942bb58a512fccafe53fe210f13a25355dc88"
    integrity sha512-Tbj67rffqceeLpcRXrT7vKAN8CwfPeIBgM7E6iBkmKLV7bEMwpGgYLGv0jACUsECaa/vuxP0IjEont6umdMgtQ==
    dependencies:
      abbrev "1"
  
  nopt@~1.0.10:
    version "1.0.10"
    resolved "https://registry.npmjs.org/nopt/-/nopt-1.0.10.tgz"
    integrity sha1-bd0hvSoxQXuScn3Vhfim83YI6+4=
    dependencies:
      abbrev "1"
  
  normalize-path@^3.0.0, normalize-path@~3.0.0:
    version "3.0.0"
    resolved "https://registry.npmjs.org/normalize-path/-/normalize-path-3.0.0.tgz"
    integrity sha512-6eZs5Ls3WtCisHWp9S2GUy8dqkpGi4BVSz3GaqiE6ezub0512ESztXUwUB6C6IKbQkY2Pnb/mD4WYojCRwcwLA==
  
  npm-run-path@^2.0.0:
    version "2.0.2"
    resolved "https://registry.npmjs.org/npm-run-path/-/npm-run-path-2.0.2.tgz"
    integrity sha1-NakjLfo11wZ7TLLd8jV7GHFTbF8=
    dependencies:
      path-key "^2.0.0"
  
  npmlog@^5.0.1:
    version "5.0.1"
    resolved "https://registry.yarnpkg.com/npmlog/-/npmlog-5.0.1.tgz#f06678e80e29419ad67ab964e0fa69959c1eb8b0"
    integrity sha512-AqZtDUWOMKs1G/8lwylVjrdYgqA4d9nu8hc+0gzRxlDb1I10+FHBGMXs6aiQHFdCUUlqH99MUMuLfzWDNDtfxw==
    dependencies:
      are-we-there-yet "^2.0.0"
      console-control-strings "^1.1.0"
      gauge "^3.0.0"
      set-blocking "^2.0.0"
  
  object-assign@^4.1.1:
    version "4.1.1"
    resolved "https://registry.yarnpkg.com/object-assign/-/object-assign-4.1.1.tgz#2109adc7965887cfc05cbbd442cac8bfbb360863"
    integrity sha512-rJgTQnkUnH1sFw8yT6VSU3zD3sWmu6sZhIseY8VX+GRu3P6F7Fu+JNDoXfklElbLJSnc3FUQHVe4cU5hj+BcUg==
  
  on-finished@~2.3.0:
    version "2.3.0"
    resolved "https://registry.npmjs.org/on-finished/-/on-finished-2.3.0.tgz"
    integrity sha1-IPEzZIGwg811M3mSoWlxqi2QaUc=
    dependencies:
      ee-first "1.1.1"
  
  once@^1.3.0:
    version "1.4.0"
    resolved "https://registry.yarnpkg.com/once/-/once-1.4.0.tgz#583b1aa775961d4b113ac17d9c50baef9dd76bd1"
    integrity sha512-lNaJgI+2Q5URQBkccEKHTQOPaXdUxnZZElQTZY0MFUAuaEqe1E+Nyvgdz/aIyNi6Z9MzO5dv1H8n58/GELp3+w==
    dependencies:
      wrappy "1"
  
  p-finally@^1.0.0:
    version "1.0.0"
    resolved "https://registry.npmjs.org/p-finally/-/p-finally-1.0.0.tgz"
    integrity sha1-P7z7FbiZpEEjs0ttzBi3JDNqLK4=
  
  package-json@^4.0.0:
    version "4.0.1"
    resolved "https://registry.npmjs.org/package-json/-/package-json-4.0.1.tgz"
    integrity sha1-iGmgQBJTZhxMTKPabCEh7VVfXu0=
    dependencies:
      got "^6.7.1"
      registry-auth-token "^3.0.1"
      registry-url "^3.0.3"
      semver "^5.1.0"
  
  parseurl@~1.3.3:
    version "1.3.3"
    resolved "https://registry.npmjs.org/parseurl/-/parseurl-1.3.3.tgz"
    integrity sha512-CiyeOxFT/JZyN5m0z9PfXw4SCBJ6Sygz1Dpl0wqjlhDEGGBP1GnsUVEL0p63hoG1fcj3fHynXi9NYO4nWOL+qQ==
  
  path-is-absolute@^1.0.0:
    version "1.0.1"
    resolved "https://registry.yarnpkg.com/path-is-absolute/-/path-is-absolute-1.0.1.tgz#174b9268735534ffbc7ace6bf53a5a9e1b5c5f5f"
    integrity sha512-AVbw3UJ2e9bq64vSaS9Am0fje1Pa8pbGqTTsmXfaIiMpnr5DlDhfJOuLj9Sf95ZPVDAUerDfEk88MPmPe7UCQg==
  
  path-is-inside@^1.0.1:
    version "1.0.2"
    resolved "https://registry.npmjs.org/path-is-inside/-/path-is-inside-1.0.2.tgz"
    integrity sha1-NlQX3t5EQw0cEa9hAn+s8HS9/FM=
  
  path-key@^2.0.0:
    version "2.0.1"
    resolved "https://registry.npmjs.org/path-key/-/path-key-2.0.1.tgz"
    integrity sha1-QRyttXTFoUDTpLGRDUDYDMn0C0A=
  
  path-to-regexp@0.1.7:
    version "0.1.7"
    resolved "https://registry.npmjs.org/path-to-regexp/-/path-to-regexp-0.1.7.tgz"
    integrity sha1-32BBeABfUi8V60SQ5yR6G/qmf4w=
  
  picomatch@^2.0.4, picomatch@^2.0.7:
    version "2.2.1"
    resolved "https://registry.npmjs.org/picomatch/-/picomatch-2.2.1.tgz"
    integrity sha512-ISBaA8xQNmwELC7eOjqFKMESB2VIqt4PPDD0nsS95b/9dZXvVKOlz9keMSnoGGKcOHXfTvDD6WMaRoSc9UuhRA==
  
  pify@^3.0.0:
    version "3.0.0"
    resolved "https://registry.npmjs.org/pify/-/pify-3.0.0.tgz"
    integrity sha1-5aSs0sEB/fPZpNB/DbxNtJ3SgXY=
  
  prepend-http@^1.0.1:
    version "1.0.4"
    resolved "https://registry.npmjs.org/prepend-http/-/prepend-http-1.0.4.tgz"
    integrity sha1-1PRWKwzjaW5BrFLQ4ALlemNdxtw=
  
  proxy-addr@~2.0.5:
    version "2.0.5"
    resolved "https://registry.npmjs.org/proxy-addr/-/proxy-addr-2.0.5.tgz"
    integrity sha512-t/7RxHXPH6cJtP0pRG6smSr9QJidhB+3kXu0KgXnbGYMgzEnUxRQ4/LDdfOwZEMyIh3/xHb8PX3t+lfL9z+YVQ==
    dependencies:
      forwarded "~0.1.2"
      ipaddr.js "1.9.0"
  
  pseudomap@^1.0.2:
    version "1.0.2"
    resolved "https://registry.npmjs.org/pseudomap/-/pseudomap-1.0.2.tgz"
    integrity sha1-8FKijacOYYkX7wqKw0wa5aaChrM=
  
  pstree.remy@^1.1.7:
    version "1.1.7"
    resolved "https://registry.npmjs.org/pstree.remy/-/pstree.remy-1.1.7.tgz"
    integrity sha512-xsMgrUwRpuGskEzBFkH8NmTimbZ5PcPup0LA8JJkHIm2IMUbQcpo3yeLNWVrufEYjh8YwtSVh0xz6UeWc5Oh5A==
  
  punycode@^2.1.1:
    version "2.3.0"
    resolved "https://registry.npmjs.org/punycode/-/punycode-2.3.0.tgz"
    integrity sha512-rRV+zQD8tVFys26lAGR9WUuS4iUAngJScM+ZRSKtvl5tKeZ2t5bvdNFdNHBW9FWR4guGHlgmsZ1G7BSm2wTbuA==
  
  qs@6.7.0:
    version "6.7.0"
    resolved "https://registry.npmjs.org/qs/-/qs-6.7.0.tgz"
    integrity sha512-VCdBRNFTX1fyE7Nb6FYoURo/SPe62QCaAyzJvUjwRaIsc+NePBEniHlvxFmmX56+HZphIGtV0XeCirBtpDrTyQ==
  
  range-parser@~1.2.1:
    version "1.2.1"
    resolved "https://registry.npmjs.org/range-parser/-/range-parser-1.2.1.tgz"
    integrity sha512-Hrgsx+orqoygnmhFbKaHE6c296J+HTAQXoxEF6gNupROmmGJRoyzfG3ccAveqCBrwr/2yxQ5BVd/GTl5agOwSg==
  
  raw-body@2.4.0:
    version "2.4.0"
    resolved "https://registry.npmjs.org/raw-body/-/raw-body-2.4.0.tgz"
    integrity sha512-4Oz8DUIwdvoa5qMJelxipzi/iJIi40O5cGV1wNYp5hvZP8ZN0T+jiNkL0QepXs+EsQ9XJ8ipEDoiH70ySUJP3Q==
    dependencies:
      bytes "3.1.0"
      http-errors "1.7.2"
      iconv-lite "0.4.24"
      unpipe "1.0.0"
  
  rc@^1.0.1, rc@^1.1.6:
    version "1.2.8"
    resolved "https://registry.npmjs.org/rc/-/rc-1.2.8.tgz"
    integrity sha512-y3bGgqKj3QBdxLbLkomlohkvsA8gdAiUQlSBJnBhfn+BPxg4bc62d8TcBW15wavDfgexCgccckhcZvywyQYPOw==
    dependencies:
      deep-extend "^0.6.0"
      ini "~1.3.0"
      minimist "^1.2.0"
      strip-json-comments "~2.0.1"
  
  readable-stream@^3.6.0:
    version "3.6.0"
    resolved "https://registry.yarnpkg.com/readable-stream/-/readable-stream-3.6.0.tgz#337bbda3adc0706bd3e024426a286d4b4b2c9198"
    integrity sha512-BViHy7LKeTz4oNnkcLJ+lVSL6vpiFeX6/d3oSH8zCW7UxP2onchk+vTGB143xuFjHS3deTgkKoXXymXqymiIdA==
    dependencies:
      inherits "^2.0.3"
      string_decoder "^1.1.1"
      util-deprecate "^1.0.1"
  
  readdirp@~3.3.0:
    version "3.3.0"
    resolved "https://registry.npmjs.org/readdirp/-/readdirp-3.3.0.tgz"
    integrity sha512-zz0pAkSPOXXm1viEwygWIPSPkcBYjW1xU5j/JBh5t9bGCJwa6f9+BJa6VaB2g+b55yVrmXzqkyLf4xaWYM0IkQ==
    dependencies:
      picomatch "^2.0.7"
  
  registry-auth-token@^3.0.1:
    version "3.4.0"
    resolved "https://registry.npmjs.org/registry-auth-token/-/registry-auth-token-3.4.0.tgz"
    integrity sha512-4LM6Fw8eBQdwMYcES4yTnn2TqIasbXuwDx3um+QRs7S55aMKCBKBxvPXl2RiUjHwuJLTyYfxSpmfSAjQpcuP+A==
    dependencies:
      rc "^1.1.6"
      safe-buffer "^5.0.1"
  
  registry-url@^3.0.3:
    version "3.1.0"
    resolved "https://registry.npmjs.org/registry-url/-/registry-url-3.1.0.tgz"
    integrity sha1-PU74cPc93h138M+aOBQyRE4XSUI=
    dependencies:
      rc "^1.0.1"
  
  rimraf@^3.0.2:
    version "3.0.2"
    resolved "https://registry.yarnpkg.com/rimraf/-/rimraf-3.0.2.tgz#f1a5402ba6220ad52cc1282bac1ae3aa49fd061a"
    integrity sha512-JZkJMZkAGFFPP2YqXZXPbMlMBgsxzE8ILs4lMIX/2o0L9UBw9O/Y3o6wFw/i9YLapcUJWwqbi3kdxIPdC62TIA==
    dependencies:
      glob "^7.1.3"
  
  safe-buffer@5.1.2, safe-buffer@^5.0.1:
    version "5.1.2"
    resolved "https://registry.npmjs.org/safe-buffer/-/safe-buffer-5.1.2.tgz"
    integrity sha512-Gd2UZBJDkXlY7GbJxfsE8/nvKkUEU1G38c1siN6QP6a9PT9MmHB8GnpscSmMJSoF8LOIrt8ud/wPtojys4G6+g==
  
  safe-buffer@~5.2.0:
    version "5.2.1"
    resolved "https://registry.yarnpkg.com/safe-buffer/-/safe-buffer-5.2.1.tgz#1eaf9fa9bdb1fdd4ec75f58f9cdb4e6b7827eec6"
    integrity sha512-rp3So07KcdmmKbGvgaNxQSJr7bGVSVk5S9Eq1F+ppbRo70+YeaDxkw5Dd8NPN+GD6bjnYm2VuPuCXmpuYvmCXQ==
  
  "safer-buffer@>= 2.1.2 < 3":
    version "2.1.2"
    resolved "https://registry.npmjs.org/safer-buffer/-/safer-buffer-2.1.2.tgz"
    integrity sha512-YZo3K82SD7Riyi0E1EQPojLz7kpepnSQI9IyPbHHg1XXXevb5dJI7tpyN2ADxGcQbHG7vcyRHk0cbwqcQriUtg==
  
  saslprep@^1.0.3:
    version "1.0.3"
    resolved "https://registry.npmjs.org/saslprep/-/saslprep-1.0.3.tgz"
    integrity sha512-/MY/PEMbk2SuY5sScONwhUDsV2p77Znkb/q3nSVstq/yQzYJOH/Azh29p9oJLsl3LnQwSvZDKagDGBsBwSooag==
    dependencies:
      sparse-bitfield "^3.0.3"
  
  semver-diff@^2.0.0:
    version "2.1.0"
    resolved "https://registry.npmjs.org/semver-diff/-/semver-diff-2.1.0.tgz"
    integrity sha1-S7uEN8jTfksM8aaP1ybsbWRdbTY=
    dependencies:
      semver "^5.0.3"
  
  semver@^5.0.3, semver@^5.1.0, semver@^5.7.1:
    version "5.7.1"
    resolved "https://registry.npmjs.org/semver/-/semver-5.7.1.tgz"
    integrity sha512-sauaDf/PZdVgrLTNYHRtpXa1iRiKcaebiKQ1BJdpQlWH2lCvexQdX55snPFyK7QzpudqbCI0qXFfOasHdyNDGQ==
  
  semver@^6.0.0:
    version "6.3.0"
    resolved "https://registry.yarnpkg.com/semver/-/semver-6.3.0.tgz#ee0a64c8af5e8ceea67687b133761e1becbd1d3d"
    integrity sha512-b39TBaTSfV6yBrapU89p5fKekE2m/NwnDocOVruQFS1/veMgdzuPcnOM34M6CwxW8jH/lxEa5rBoDeUwu5HHTw==
  
  semver@^7.3.5:
    version "7.3.8"
    resolved "https://registry.yarnpkg.com/semver/-/semver-7.3.8.tgz#07a78feafb3f7b32347d725e33de7e2a2df67798"
    integrity sha512-NB1ctGL5rlHrPJtFDVIVzTyQylMLu9N9VICA6HSFJo8MCGVTMW6gfpicwKmmK/dAjTOrqu5l63JJOpDSrAis3A==
    dependencies:
      lru-cache "^6.0.0"
  
  send@0.17.1:
    version "0.17.1"
    resolved "https://registry.npmjs.org/send/-/send-0.17.1.tgz"
    integrity sha512-BsVKsiGcQMFwT8UxypobUKyv7irCNRHk1T0G680vk88yf6LBByGcZJOTJCrTP2xVN6yI+XjPJcNuE3V4fT9sAg==
    dependencies:
      debug "2.6.9"
      depd "~1.1.2"
      destroy "~1.0.4"
      encodeurl "~1.0.2"
      escape-html "~1.0.3"
      etag "~1.8.1"
      fresh "0.5.2"
      http-errors "~1.7.2"
      mime "1.6.0"
      ms "2.1.1"
      on-finished "~2.3.0"
      range-parser "~1.2.1"
      statuses "~1.5.0"
  
  serve-static@1.14.1:
    version "1.14.1"
    resolved "https://registry.npmjs.org/serve-static/-/serve-static-1.14.1.tgz"
    integrity sha512-JMrvUwE54emCYWlTI+hGrGv5I8dEwmco/00EvkzIIsR7MqrHonbD9pO2MOfFnpFntl7ecpZs+3mW+XbQZu9QCg==
    dependencies:
      encodeurl "~1.0.2"
      escape-html "~1.0.3"
      parseurl "~1.3.3"
      send "0.17.1"
  
  set-blocking@^2.0.0:
    version "2.0.0"
    resolved "https://registry.yarnpkg.com/set-blocking/-/set-blocking-2.0.0.tgz#045f9782d011ae9a6803ddd382b24392b3d890f7"
    integrity sha512-KiKBS8AnWGEyLzofFfmvKwpdPzqiy16LvQfK3yv/fVH7Bj13/wl3JSR1J+rfgRE9q7xUJK4qvgS8raSOeLUehw==
  
  setprototypeof@1.1.1:
    version "1.1.1"
    resolved "https://registry.npmjs.org/setprototypeof/-/setprototypeof-1.1.1.tgz"
    integrity sha512-JvdAWfbXeIGaZ9cILp38HntZSFSo3mWg6xGcJJsd+d4aRMOqauag1C63dJfDw7OaMYwEbHMOxEZ1lqVRYP2OAw==
  
  shebang-command@^1.2.0:
    version "1.2.0"
    resolved "https://registry.npmjs.org/shebang-command/-/shebang-command-1.2.0.tgz"
    integrity sha1-RKrGW2lbAzmJaMOfNj/uXer98eo=
    dependencies:
      shebang-regex "^1.0.0"
  
  shebang-regex@^1.0.0:
    version "1.0.0"
    resolved "https://registry.npmjs.org/shebang-regex/-/shebang-regex-1.0.0.tgz"
    integrity sha1-2kL0l0DAtC2yypcoVxyxkMmO/qM=
  
  sift@16.0.1:
    version "16.0.1"
    resolved "https://registry.npmjs.org/sift/-/sift-16.0.1.tgz"
    integrity sha512-Wv6BjQ5zbhW7VFefWusVP33T/EM0vYikCaQ2qR8yULbsilAT8/wQaXvuQ3ptGLpoKx+lihJE3y2UTgKDyyNHZQ==
  
  signal-exit@^3.0.0, signal-exit@^3.0.2:
    version "3.0.2"
    resolved "https://registry.npmjs.org/signal-exit/-/signal-exit-3.0.2.tgz"
    integrity sha1-tf3AjxKH6hF4Yo5BXiUTK3NkbG0=
  
  smart-buffer@^4.2.0:
    version "4.2.0"
    resolved "https://registry.npmjs.org/smart-buffer/-/smart-buffer-4.2.0.tgz"
    integrity sha512-94hK0Hh8rPqQl2xXc3HsaBoOXKV20MToPkcXvwbISWLEs+64sBq5kFgn2kJDHb1Pry9yrP0dxrCI9RRci7RXKg==
  
  socks@^2.7.1:
    version "2.7.1"
    resolved "https://registry.npmjs.org/socks/-/socks-2.7.1.tgz"
    integrity sha512-7maUZy1N7uo6+WVEX6psASxtNlKaNVMlGQKkG/63nEDdLOWNbiUMoLK7X4uYoLhQstau72mLgfEWcXcwsaHbYQ==
    dependencies:
      ip "^2.0.0"
      smart-buffer "^4.2.0"
  
  sparse-bitfield@^3.0.3:
    version "3.0.3"
    resolved "https://registry.npmjs.org/sparse-bitfield/-/sparse-bitfield-3.0.3.tgz"
    integrity sha512-kvzhi7vqKTfkh0PZU+2D2PIllw2ymqJKujUcyPMd9Y75Nv4nPbGJZXNhxsgdQab2BmlDct1YnfQCguEvHr7VsQ==
    dependencies:
      memory-pager "^1.0.2"
  
  "statuses@>= 1.5.0 < 2", statuses@~1.5.0:
    version "1.5.0"
    resolved "https://registry.npmjs.org/statuses/-/statuses-1.5.0.tgz"
    integrity sha1-Fhx9rBd2Wf2YEfQ3cfqZOBR4Yow=
  
  "string-width@^1.0.2 || 2 || 3 || 4", string-width@^4.2.3:
    version "4.2.3"
    resolved "https://registry.yarnpkg.com/string-width/-/string-width-4.2.3.tgz#269c7117d27b05ad2e536830a8ec895ef9c6d010"
    integrity sha512-wKyQRQpjJ0sIp62ErSZdGsjMJWsap5oRNihHhu6G7JVO/9jIB6UyevL+tXuOqrng8j/cxKTWyWUwvSTriiZz/g==
    dependencies:
      emoji-regex "^8.0.0"
      is-fullwidth-code-point "^3.0.0"
      strip-ansi "^6.0.1"
  
  string-width@^2.0.0, string-width@^2.1.1:
    version "2.1.1"
    resolved "https://registry.npmjs.org/string-width/-/string-width-2.1.1.tgz"
    integrity sha512-nOqH59deCq9SRHlxq1Aw85Jnt4w6KvLKqWVik6oA9ZklXLNIOlqg4F2yrT1MVaTjAqvVwdfeZ7w7aCvJD7ugkw==
    dependencies:
      is-fullwidth-code-point "^2.0.0"
      strip-ansi "^4.0.0"
  
  string_decoder@^1.1.1:
    version "1.3.0"
    resolved "https://registry.yarnpkg.com/string_decoder/-/string_decoder-1.3.0.tgz#42f114594a46cf1a8e30b0a84f56c78c3edac21e"
    integrity sha512-hkRX8U1WjJFd8LsDJ2yQ/wWWxaopEsABU1XfkM8A+j0+85JAGppt16cr1Whg6KIbb4okU6Mql6BOj+uup/wKeA==
    dependencies:
      safe-buffer "~5.2.0"
  
  strip-ansi@^4.0.0:
    version "4.0.0"
    resolved "https://registry.npmjs.org/strip-ansi/-/strip-ansi-4.0.0.tgz"
    integrity sha1-qEeQIusaw2iocTibY1JixQXuNo8=
    dependencies:
      ansi-regex "^3.0.0"
  
  strip-ansi@^6.0.1:
    version "6.0.1"
    resolved "https://registry.yarnpkg.com/strip-ansi/-/strip-ansi-6.0.1.tgz#9e26c63d30f53443e9489495b2105d37b67a85d9"
    integrity sha512-Y38VPSHcqkFrCpFnQ9vuSXmquuv5oXOKpGeT6aGrr3o3Gc9AlVa6JBfUSOCnbxGGZF+/0ooI7KrPuUSztUdU5A==
    dependencies:
      ansi-regex "^5.0.1"
  
  strip-eof@^1.0.0:
    version "1.0.0"
    resolved "https://registry.npmjs.org/strip-eof/-/strip-eof-1.0.0.tgz"
    integrity sha1-u0P/VZim6wXYm1n80SnJgzE2Br8=
  
  strip-json-comments@~2.0.1:
    version "2.0.1"
    resolved "https://registry.npmjs.org/strip-json-comments/-/strip-json-comments-2.0.1.tgz"
    integrity sha1-PFMZQukIwml8DsNEhYwobHygpgo=
  
  strnum@^1.0.5:
    version "1.0.5"
    resolved "https://registry.npmjs.org/strnum/-/strnum-1.0.5.tgz"
    integrity sha512-J8bbNyKKXl5qYcR36TIO8W3mVGVHrmmxsd5PAItGkmyzwJvybiw2IVq5nqd0i4LSNSkB/sx9VHllbfFdr9k1JA==
  
  supports-color@^5.3.0, supports-color@^5.5.0:
    version "5.5.0"
    resolved "https://registry.npmjs.org/supports-color/-/supports-color-5.5.0.tgz"
    integrity sha512-QjVjwdXIt408MIiAqCX4oUKsgU2EqAGzs2Ppkm4aQYbjm+ZEWEcW4SfFNTr4uMNZma0ey4f5lgLrkB0aX0QMow==
    dependencies:
      has-flag "^3.0.0"
  
  tar@^6.1.11:
    version "6.1.13"
    resolved "https://registry.yarnpkg.com/tar/-/tar-6.1.13.tgz#46e22529000f612180601a6fe0680e7da508847b"
    integrity sha512-jdIBIN6LTIe2jqzay/2vtYLlBHa3JF42ot3h1dW8Q0PaAG4v8rm0cvpVePtau5C6OKXGGcgO9q2AMNSWxiLqKw==
    dependencies:
      chownr "^2.0.0"
      fs-minipass "^2.0.0"
      minipass "^4.0.0"
      minizlib "^2.1.1"
      mkdirp "^1.0.3"
      yallist "^4.0.0"
  
  term-size@^1.2.0:
    version "1.2.0"
    resolved "https://registry.npmjs.org/term-size/-/term-size-1.2.0.tgz"
    integrity sha1-RYuDiH8oj8Vtb/+/rSYuJmOO+mk=
    dependencies:
      execa "^0.7.0"
  
  timed-out@^4.0.0:
    version "4.0.1"
    resolved "https://registry.npmjs.org/timed-out/-/timed-out-4.0.1.tgz"
    integrity sha1-8y6srFoXW+ol1/q1Zas+2HQe9W8=
  
  to-regex-range@^5.0.1:
    version "5.0.1"
    resolved "https://registry.npmjs.org/to-regex-range/-/to-regex-range-5.0.1.tgz"
    integrity sha512-65P7iz6X5yEr1cwcgvQxbbIw7Uk3gOy5dIdtZ4rDveLqhrdJP+Li/Hx6tyK0NEb+2GCyneCMJiGqrADCSNk8sQ==
    dependencies:
      is-number "^7.0.0"
  
  toidentifier@1.0.0:
    version "1.0.0"
    resolved "https://registry.npmjs.org/toidentifier/-/toidentifier-1.0.0.tgz"
    integrity sha512-yaOH/Pk/VEhBWWTlhI+qXxDFXlejDGcQipMlyxda9nthulaxLZUNcUqFxokp0vcYnvteJln5FNQDRrxj3YcbVw==
  
  touch@^3.1.0:
    version "3.1.0"
    resolved "https://registry.npmjs.org/touch/-/touch-3.1.0.tgz"
    integrity sha512-WBx8Uy5TLtOSRtIq+M03/sKDrXCLHxwDcquSP2c43Le03/9serjQBIztjRz6FkJez9D/hleyAXTBGLwwZUw9lA==
    dependencies:
      nopt "~1.0.10"
  
  tr46@^3.0.0:
    version "3.0.0"
    resolved "https://registry.npmjs.org/tr46/-/tr46-3.0.0.tgz"
    integrity sha512-l7FvfAHlcmulp8kr+flpQZmVwtu7nfRV7NZujtN0OqES8EL4O4e0qqzL0DC5gAvx/ZC/9lk6rhcUwYvkBnBnYA==
    dependencies:
      punycode "^2.1.1"
  
  tr46@~0.0.3:
    version "0.0.3"
    resolved "https://registry.yarnpkg.com/tr46/-/tr46-0.0.3.tgz#8184fd347dac9cdc185992f3a6622e14b9d9ab6a"
    integrity sha512-N3WMsuqV66lT30CrXNbEjx4GEwlow3v6rr4mCcv6prnfwhS01rkgyFdjPNBYd9br7LpXV1+Emh01fHnq2Gdgrw==
  
  tslib@^1.11.1:
    version "1.14.1"
    resolved "https://registry.npmjs.org/tslib/-/tslib-1.14.1.tgz"
    integrity sha512-Xni35NKzjgMrwevysHTCArtLDpPvye8zV/0E4EyYn43P7/7qvQwPh9BGkHewbMulVntbigmcT7rdX3BNo9wRJg==
  
  tslib@^2.3.1:
    version "2.5.0"
    resolved "https://registry.npmjs.org/tslib/-/tslib-2.5.0.tgz"
    integrity sha512-336iVw3rtn2BUK7ORdIAHTyxHGRIHVReokCR3XjbckJMK7ms8FysBfhLR8IXnAgy7T0PTPNBWKiH514FOW/WSg==
  
  type-is@~1.6.17, type-is@~1.6.18:
    version "1.6.18"
    resolved "https://registry.npmjs.org/type-is/-/type-is-1.6.18.tgz"
    integrity sha512-TkRKr9sUTxEH8MdfuCSP7VizJyzRNMjj2J2do2Jr3Kym598JVdEksuzPQCnlFPW4ky9Q+iA+ma9BGm06XQBy8g==
    dependencies:
      media-typer "0.3.0"
      mime-types "~2.1.24"
  
  undefsafe@^2.0.2:
    version "2.0.2"
    resolved "https://registry.npmjs.org/undefsafe/-/undefsafe-2.0.2.tgz"
    integrity sha1-Il9rngM3Zj4Njnz9aG/Cg2zKznY=
    dependencies:
      debug "^2.2.0"
  
  unique-string@^1.0.0:
    version "1.0.0"
    resolved "https://registry.npmjs.org/unique-string/-/unique-string-1.0.0.tgz"
    integrity sha1-nhBXzKhRq7kzmPizOuGHuZyuwRo=
    dependencies:
      crypto-random-string "^1.0.0"
  
  unpipe@1.0.0, unpipe@~1.0.0:
    version "1.0.0"
    resolved "https://registry.npmjs.org/unpipe/-/unpipe-1.0.0.tgz"
    integrity sha1-sr9O6FFKrmFltIF4KdIbLvSZBOw=
  
  unzip-response@^2.0.1:
    version "2.0.1"
    resolved "https://registry.npmjs.org/unzip-response/-/unzip-response-2.0.1.tgz"
    integrity sha1-0vD3N9FrBhXnKmk17QQhRXLVb5c=
  
  update-notifier@^2.5.0:
    version "2.5.0"
    resolved "https://registry.npmjs.org/update-notifier/-/update-notifier-2.5.0.tgz"
    integrity sha512-gwMdhgJHGuj/+wHJJs9e6PcCszpxR1b236igrOkUofGhqJuG+amlIKwApH1IW1WWl7ovZxsX49lMBWLxSdm5Dw==
    dependencies:
      boxen "^1.2.1"
      chalk "^2.0.1"
      configstore "^3.0.0"
      import-lazy "^2.1.0"
      is-ci "^1.0.10"
      is-installed-globally "^0.1.0"
      is-npm "^1.0.0"
      latest-version "^3.0.0"
      semver-diff "^2.0.0"
      xdg-basedir "^3.0.0"
  
  url-parse-lax@^1.0.0:
    version "1.0.0"
    resolved "https://registry.npmjs.org/url-parse-lax/-/url-parse-lax-1.0.0.tgz"
    integrity sha1-evjzA2Rem9eaJy56FKxovAYJ2nM=
    dependencies:
      prepend-http "^1.0.1"
  
  util-deprecate@^1.0.1:
    version "1.0.2"
    resolved "https://registry.yarnpkg.com/util-deprecate/-/util-deprecate-1.0.2.tgz#450d4dc9fa70de732762fbd2d4a28981419a0ccf"
    integrity sha512-EPD5q1uXyFxJpCrLnCc1nHnq3gOa6DZBocAIiI2TaSCA7VCJ1UJDMagCzIkXNsUYfD1daK//LTEQ8xiIbrHtcw==
  
  utils-merge@1.0.1:
    version "1.0.1"
    resolved "https://registry.npmjs.org/utils-merge/-/utils-merge-1.0.1.tgz"
    integrity sha1-n5VxD1CiZ5R7LMwSR0HBAoQn5xM=
  
  uuid@^8.3.2:
    version "8.3.2"
    resolved "https://registry.npmjs.org/uuid/-/uuid-8.3.2.tgz"
    integrity sha512-+NYs2QeMWy+GWFOEm9xnn6HCDp0l7QBD7ml8zLUmJ+93Q5NF0NocErnwkTkXVFNiX3/fpC6afS8Dhb/gz7R7eg==
  
  vary@~1.1.2:
    version "1.1.2"
    resolved "https://registry.npmjs.org/vary/-/vary-1.1.2.tgz"
    integrity sha1-IpnwLG3tMNSllhsLn3RSShj2NPw=
  
  webidl-conversions@^3.0.0:
    version "3.0.1"
    resolved "https://registry.yarnpkg.com/webidl-conversions/-/webidl-conversions-3.0.1.tgz#24534275e2a7bc6be7bc86611cc16ae0a5654871"
    integrity sha512-2JAn3z8AR6rjK8Sm8orRC0h/bcl/DqL7tRPdGZ4I1CjdF+EaMLmYxBHyXuKL849eucPFhvBoxMsflfOb8kxaeQ==
  
  webidl-conversions@^7.0.0:
    version "7.0.0"
    resolved "https://registry.npmjs.org/webidl-conversions/-/webidl-conversions-7.0.0.tgz"
    integrity sha512-VwddBukDzu71offAQR975unBIGqfKZpM+8ZX6ySk8nYhVoo5CYaZyzt3YBvYtRtO+aoGlqxPg/B87NGVZ/fu6g==
  
  whatwg-url@^11.0.0:
    version "11.0.0"
    resolved "https://registry.npmjs.org/whatwg-url/-/whatwg-url-11.0.0.tgz"
    integrity sha512-RKT8HExMpoYx4igMiVMY83lN6UeITKJlBQ+vR/8ZJ8OCdSiN3RwCq+9gH0+Xzj0+5IrM6i4j/6LuvzbZIQgEcQ==
    dependencies:
      tr46 "^3.0.0"
      webidl-conversions "^7.0.0"
  
  whatwg-url@^5.0.0:
    version "5.0.0"
    resolved "https://registry.yarnpkg.com/whatwg-url/-/whatwg-url-5.0.0.tgz#966454e8765462e37644d3626f6742ce8b70965d"
    integrity sha512-saE57nupxk6v3HY35+jzBwYa0rKSy0XR8JSxZPwgLr7ys0IBzhGviA1/TUGJLmSVqs8pb9AnvICXEuOHLprYTw==
    dependencies:
      tr46 "~0.0.3"
      webidl-conversions "^3.0.0"
  
  which@^1.2.9:
    version "1.3.1"
    resolved "https://registry.npmjs.org/which/-/which-1.3.1.tgz"
    integrity sha512-HxJdYWq1MTIQbJ3nw0cqssHoTNU267KlrDuGZ1WYlxDStUtKUhOaJmh112/TZmHxxUfuJqPXSOm7tDyas0OSIQ==
    dependencies:
      isexe "^2.0.0"
  
  wide-align@^1.1.2:
    version "1.1.5"
    resolved "https://registry.yarnpkg.com/wide-align/-/wide-align-1.1.5.tgz#df1d4c206854369ecf3c9a4898f1b23fbd9d15d3"
    integrity sha512-eDMORYaPNZ4sQIuuYPDHdQvf4gyCF9rEEV/yPxGfwPkRodwEgiMUUXTx/dex+Me0wxx53S+NgUHaP7y3MGlDmg==
    dependencies:
      string-width "^1.0.2 || 2 || 3 || 4"
  
  widest-line@^2.0.0:
    version "2.0.1"
    resolved "https://registry.npmjs.org/widest-line/-/widest-line-2.0.1.tgz"
    integrity sha512-Ba5m9/Fa4Xt9eb2ELXt77JxVDV8w7qQrH0zS/TWSJdLyAwQjWoOzpzj5lwVftDz6n/EOu3tNACS84v509qwnJA==
    dependencies:
      string-width "^2.1.1"
  
  wrappy@1:
    version "1.0.2"
    resolved "https://registry.yarnpkg.com/wrappy/-/wrappy-1.0.2.tgz#b5243d8f3ec1aa35f1364605bc0d1036e30ab69f"
    integrity sha512-l4Sp/DRseor9wL6EvV2+TuQn63dMkPjZ/sp9XkghTEbV9KlPS1xUsZ3u7/IQO4wxtcFB4bgpQPRcR3QCvezPcQ==
  
  write-file-atomic@^2.0.0:
    version "2.4.3"
    resolved "https://registry.npmjs.org/write-file-atomic/-/write-file-atomic-2.4.3.tgz"
    integrity sha512-GaETH5wwsX+GcnzhPgKcKjJ6M2Cq3/iZp1WyY/X1CSqrW+jVNM9Y7D8EC2sM4ZG/V8wZlSniJnCKWPmBYAucRQ==
    dependencies:
      graceful-fs "^4.1.11"
      imurmurhash "^0.1.4"
      signal-exit "^3.0.2"
  
  xdg-basedir@^3.0.0:
    version "3.0.0"
    resolved "https://registry.npmjs.org/xdg-basedir/-/xdg-basedir-3.0.0.tgz"
    integrity sha1-SWsswQnsqNus/i3HK2A8F8WHCtQ=
  
  yallist@^2.1.2:
    version "2.1.2"
    resolved "https://registry.npmjs.org/yallist/-/yallist-2.1.2.tgz"
    integrity sha1-HBH5IY8HYImkfdUS+TxmmaaoHVI=
  
  yallist@^4.0.0:
    version "4.0.0"
    resolved "https://registry.yarnpkg.com/yallist/-/yallist-4.0.0.tgz#9bb92790d9c0effec63be73519e11a35019a3a72"
    integrity sha512-3wdGidZyq5PB084XLES5TpOSRA3wjXAlIWMhum2kRcv/41Sn2emQ0dycQW4uZXLejwKvg6EsvbdlVL+FYEct7A==
